2.10356141128934776e-01
1.50306792144233148e-01
1.10097961860608051e-01
1.09135889960288904e-01
1.05618292433828059e-01
1.05363762595081248e-01
1.01636757650627879e-01
1.00372730287023385e-01
9.80177522924837175e-02
9.75703484395117615e-02
9.51234121505393077e-02
9.31405939099902019e-02
9.19444864629480468e-02
9.16744843456463732e-02
9.10494639842321374e-02
8.54459405577087244e-02
8.52035299219097431e-02
8.44663906180024571e-02
8.42526437491039892e-02
8.38113903587597575e-02
8.31639028128686453e-02
8.29161976976001969e-02
8.26678340671072875e-02
8.24794834047248987e-02
8.24786781416719655e-02
8.22475361162326862e-02
8.21145847522715688e-02
8.17575822820685166e-02
8.17515646187192829e-02
8.12889664078973173e-02
8.05557056106161462e-02
8.00640205758709061e-02
7.96555648817287576e-02
7.93763505449796430e-02
7.93444021916261399e-02
7.90441093875088180e-02
7.90256078627499109e-02
7.88925982722502861e-02
7.84426623023168484e-02
7.79911869893527843e-02
7.76260611997743044e-02
7.75909277157210697e-02
7.70624084259746434e-02
7.62648636155291437e-02
7.60202439334219660e-02
7.52805704365423212e-02
7.52094116321201239e-02
7.48526078505088316e-02
7.48069116446188342e-02
7.47973144790372441e-02
7.47505391537925251e-02
7.47207772998691039e-02
7.45801569941729053e-02
7.45660590611113144e-02
7.38421625304109958e-02
7.27278228179620012e-02
7.25376875512863672e-02
7.23406402530683279e-02
7.17717954016435650e-02
7.16740768779308562e-02
7.14798880051724927e-02
7.02480257968772226e-02
7.02172935787788582e-02
7.00466605901929329e-02
7.00436776483566864e-02
6.99335848762142887e-02
6.97387352904050850e-02
6.95026562655417512e-02
6.89620236347306681e-02
6.87622194821305849e-02
6.79338802409266279e-02
6.79131071649610452e-02
6.78812870734412793e-02
6.78759696800930595e-02
6.76517704717191221e-02
6.74879033686719004e-02
6.70474589148021272e-02
6.69323085610448454e-02
6.68697585198175654e-02
6.67261378999163962e-02
6.67205616311841304e-02
6.65623244844496670e-02
6.64379778940773352e-02
6.60874081855282736e-02
6.56722987822598442e-02
6.55332113898768054e-02
6.51128151265080168e-02
6.48794461145176665e-02
6.47693965945696642e-02
6.45734197841649898e-02
6.44949015866304182e-02
6.38871546774348459e-02
6.35831880317431763e-02
6.35828673109230108e-02
6.35742751073759271e-02
6.35272351855603323e-02
6.31127887776142260e-02
6.28835165125909284e-02
6.23169672774047320e-02
6.21606064471067546e-02
6.20131033420142780e-02
6.17202558177998920e-02
6.17165916322506836e-02
6.15598513788832569e-02
6.14605636172684058e-02
6.09732618316271499e-02
6.06849214781579466e-02
6.03844939568411593e-02
6.03628047290085401e-02
6.02509882128488619e-02
5.98950727498492597e-02
5.97264089693331501e-02
5.95174401588284899e-02
5.94509748652510828e-02
5.92879849620416288e-02
5.92801821458211822e-02
5.92612422749459952e-02
5.92358772308562570e-02
5.89416446153133364e-02
5.89055385690228986e-02
5.85597607919465385e-02
5.84426935616192203e-02
5.82552223874259756e-02
5.79934549054059445e-02
5.78905106963910690e-02
5.77113761002494632e-02
5.73201008617608768e-02
5.72524494903859302e-02
5.70824197246934534e-02
5.69309831900270194e-02
5.67787259985316761e-02
5.67522603351589272e-02
5.63426021646804900e-02
5.63191368562907038e-02
5.62330480412017789e-02
5.62326586017831490e-02
5.61147237547906866e-02
5.60653681578233767e-02
5.58019407090643779e-02
5.57504412837106014e-02
5.57287940196613471e-02
5.56730487121890050e-02
5.56489081164842428e-02
5.56113681040924929e-02
5.55700803851310807e-02
5.55647801984920711e-02
5.53078381691271756e-02
5.51519545993681970e-02
5.51152131239598803e-02
5.49969531922592514e-02
5.49676497207192694e-02
5.46581815578704999e-02
5.43498111414372001e-02
5.40176094227642484e-02
5.37461076967498189e-02
5.35726064241193317e-02
5.34177023477516999e-02
5.33359054255397105e-02
5.27975378019325120e-02
5.26495755130902826e-02
5.22389618529109367e-02
5.21008466763710557e-02
5.19148937856662301e-02
5.18667691475252768e-02
5.18116046575218883e-02
5.17561407649009958e-02
5.16510913094766974e-02
5.15960401622576822e-02
5.15311600237154596e-02
5.13497039826208354e-02
5.08586968633880157e-02
5.08556460924583578e-02
5.08089623821796274e-02
5.07072136998244563e-02
5.05930802901386548e-02
4.99399498773718323e-02
4.99362590856029243e-02
4.97623866801980563e-02
4.97055799406848423e-02
4.96316131419142076e-02
4.93035361688349133e-02
4.92301549476255595e-02
4.91514105441763285e-02
4.91090518382358635e-02
4.90812855982296695e-02
4.88835062675686410e-02
4.86004726864433453e-02
4.85847825655339460e-02
4.85243953529603325e-02
4.85118266510273302e-02
4.83789187669090848e-02
4.82629740840542776e-02
4.82547827256951251e-02
4.80702842327479854e-02
4.80674489869277952e-02
4.78056952208108718e-02
4.77538500667052043e-02
4.77268627884127605e-02
4.76399331909721502e-02
4.74161489682135076e-02
4.73275547473495997e-02
4.72070480697482017e-02
4.71743475548464589e-02
4.70111880710928354e-02
4.69112679010799116e-02
4.67551471857632003e-02
4.65150983175434685e-02
4.63099443588054979e-02
4.62816890803545086e-02
4.61663230616702960e-02
4.60222760054895749e-02
4.58923404915904387e-02
4.55897475921342651e-02
4.54012279408417471e-02
4.53838748398974409e-02
4.52983549917728573e-02
4.51401162573521614e-02
4.45176310461488853e-02
4.44655636965760950e-02
4.43223558360444289e-02
4.43015293557620024e-02
4.42504966351344523e-02
4.41635958064964945e-02
4.41467778125835680e-02
4.40819342133090888e-02
4.39731697446116565e-02
4.38653800300931318e-02
4.38592753683789416e-02
4.37352756282922972e-02
4.37011904928010855e-02
4.33728160233069621e-02
4.32258629555725901e-02
4.31305620993762753e-02
4.30840330322202619e-02
4.28541255003812779e-02
4.28464698143510431e-02
4.27908750977782845e-02
4.25053809591164067e-02
4.21274243952853913e-02
4.20073451294259090e-02
4.19661520550017181e-02
4.19610881698698340e-02
4.19431439010615123e-02
4.19150609569089172e-02
4.18539810218609282e-02
4.16398573887010737e-02
4.15883085896406463e-02
4.14412549616686929e-02
4.14339117111706609e-02
4.13690556343628904e-02
4.13442113225377453e-02
4.13338043270014346e-02
4.12782808624507017e-02
4.10226919951146157e-02
4.09068812871058035e-02
4.08127786175986190e-02
4.07222591702415190e-02
4.06142008309327840e-02
4.06063955315878536e-02
4.03153514920431139e-02
4.03033353035847641e-02
4.01689350727268135e-02
4.01361936911261846e-02
4.01287338905424382e-02
4.00728216983634519e-02
4.00357120321270452e-02
3.98745134577069144e-02
3.97394707765588370e-02
3.96362373405075227e-02
3.95514566552054581e-02
3.94679183038028208e-02
3.92321792055159158e-02
3.92146306297266531e-02
3.91784169980315400e-02
3.91302316981613496e-02
3.90635229645751245e-02
3.90615290502599674e-02
3.89805299565467653e-02
3.89441523609566423e-02
3.89408530451250540e-02
3.88163808732131035e-02
3.87540814469538308e-02
3.84590286749031673e-02
3.84110706112253397e-02
3.80023699487025968e-02
3.79996058861137923e-02
3.78478911178549565e-02
3.77793425252314977e-02
3.77666607419205186e-02
3.77507789761543852e-02
3.77441719126491507e-02
3.76468569254993848e-02
3.74529725844573724e-02
3.73518851179382300e-02
3.73244230585915368e-02
3.72233974812213736e-02
3.71746206511167007e-02
3.71593162223892784e-02
3.71456307478531741e-02
3.70704692519782109e-02
3.70584749789904661e-02
3.70396463498561604e-02
3.70119586144211365e-02
3.69559917452383715e-02
3.69007649358807782e-02
3.68940704801255931e-02
3.68770648514000765e-02
3.68606110566077130e-02
3.68554230005654557e-02
3.67442224315543270e-02
3.66848887628269740e-02
3.66119197353310180e-02
3.66084836051118259e-02
3.65866616024186422e-02
3.64788607305672058e-02
3.63645944401920079e-02
3.62009122573911449e-02
3.61705724591990865e-02
3.61053478856039542e-02
3.60647882073579160e-02
3.60222085961448835e-02
3.60001799478857840e-02
3.59954258058430773e-02
3.59948588070166525e-02
3.59388869650229120e-02
3.58274995131922513e-02
3.58229921023182074e-02
3.57604318322214745e-02
3.57428857486423307e-02
3.57297434242210069e-02
3.57247022842670375e-02
3.56481687787399068e-02
3.56199345881634266e-02
3.56107223891150779e-02
3.55862270704467021e-02
3.55548604292330803e-02
3.55520773409570487e-02
3.55494255353656363e-02
3.53755544661057755e-02
3.53383322533115454e-02
3.52679849410435023e-02
3.51803598415066018e-02
3.50457707652130843e-02
3.49400920107942325e-02
3.48857098121361855e-02
3.48724139279708231e-02
3.47320411838475049e-02
3.46688103022087801e-02
3.44978115637255139e-02
3.44679334874054277e-02
3.44264771109612858e-02
3.44062032810859356e-02
3.43634243316597171e-02
3.43547128171884653e-02
3.43140955615456045e-02
3.41827996942252188e-02
3.41497939200754927e-02
3.41265757957272819e-02
3.40587918429978154e-02
3.38666333581912546e-02
3.38508881468676179e-02
3.37047235924962732e-02
3.36987247492971723e-02
3.36247935039720447e-02
3.35458366781353629e-02
3.35081360312167800e-02
3.33113583455560691e-02
3.33062866811165911e-02
3.32878350703621831e-02
3.32530876856414817e-02
3.32475711008305627e-02
3.32368478136457132e-02
3.31987355912611165e-02
3.30193866362563371e-02
3.29639367804530001e-02
3.29009320687501522e-02
3.28612200064056503e-02
3.28234879823800368e-02
3.28192568739419308e-02
3.27196607704284409e-02
3.27167755146929307e-02
3.27010679877373159e-02
3.26583440216427281e-02
3.26160169494515775e-02
3.26012268739931180e-02
3.24065768456067577e-02
3.22809331582848205e-02
3.22364203402148372e-02
3.22110731435287512e-02
3.20849147219506928e-02
3.19436290059122094e-02
3.19378751412866049e-02
3.18908095732506128e-02
3.18660659841688843e-02
3.17829109068673912e-02
3.17306982234943497e-02
3.16564040166442406e-02
3.16331390672187213e-02
3.16309366136004813e-02
3.16235759834931143e-02
3.16221247931660898e-02
3.15904662610246648e-02
3.15475552558198424e-02
3.14957056290549389e-02
3.14318502848858622e-02
3.13910088256655548e-02
3.13752070835147320e-02
3.12700034430233101e-02
3.12115282203184151e-02
3.11812228249388201e-02
3.11635349651227661e-02
3.11117677924855757e-02
3.10927354351020584e-02
3.09900851468908334e-02
3.09673812411727437e-02
3.09621815963442570e-02
3.08852317057022457e-02
3.08714786084343835e-02
3.08511237183646848e-02
3.08400150798032978e-02
3.08383875449132032e-02
3.07000171037402035e-02
3.06625854732545250e-02
3.06564961225314937e-02
3.06524369764623328e-02
3.05864376910167345e-02
3.05259356429627079e-02
3.04704298800167819e-02
3.02550586960983504e-02
3.02408724040106359e-02
3.02268132315140284e-02
3.02238639157429850e-02
3.01409132515882035e-02
3.01319980042443029e-02
3.01319781374316219e-02
3.01181194878387161e-02
3.00317725023176475e-02
2.99943474003261795e-02
2.98961265119381397e-02
2.98696789358802034e-02
2.98269700759930777e-02
2.96710808988971397e-02
2.96641538261794950e-02
2.95992090711479257e-02
2.95885101397613225e-02
2.95853004598121659e-02
2.95801403745081133e-02
2.95630205667876227e-02
2.95407806642337331e-02
2.95225950050937366e-02
2.95163794425309794e-02
2.94042442617223412e-02
2.93338670096795207e-02
2.92849710186931511e-02
2.92109267333823426e-02
2.92062592027617987e-02
2.91763590946261461e-02
2.91078427042002243e-02
2.90145718088043389e-02
2.89820334914073705e-02
2.89236506579728173e-02
2.88848193196597769e-02
2.88359387011651591e-02
2.88200768212664021e-02
2.88142953258041963e-02
2.87562423048237370e-02
2.86379592031618807e-02
2.86309987615015610e-02
2.85789726344389122e-02
2.85464176851951343e-02
2.85175053259054435e-02
2.84665423270829276e-02
2.84508874012889060e-02
2.84191487012121317e-02
2.83972726804088346e-02
2.83971098017749418e-02
2.83462844262112670e-02
2.83199862974873456e-02
2.83088830220208920e-02
2.82938071789413624e-02
2.82926218022065100e-02
2.82749021739764489e-02
2.82703268594869522e-02
2.82217699704128688e-02
2.82084702994177122e-02
2.81295902772903846e-02
2.81161636428415851e-02
2.80151502654583766e-02
2.80081797380579318e-02
2.79844345026987046e-02
2.79267581141532974e-02
2.79199546038956248e-02
2.79111731720356748e-02
2.78671328750454902e-02
2.78658955620582245e-02
2.78608453956038608e-02
2.78141847622275298e-02
2.78137684716621078e-02
2.77395769513600239e-02
2.77320161009553361e-02
2.77087269241545753e-02
2.76880137484540600e-02
2.76764128696177537e-02
2.76433991210671658e-02
2.76348110836416097e-02
2.75317117944802736e-02
2.73610565240996473e-02
2.73579639898949983e-02
2.72286253537676083e-02
2.71199150317569422e-02
2.71141349557195953e-02
2.70797249068427844e-02
2.70199449062776959e-02
2.69635197809679830e-02
2.69228608365352159e-02
2.68072374425503759e-02
2.67813987516664388e-02
2.67704760738550138e-02
2.67635309330193707e-02
2.67457999502010990e-02
2.67442505993793420e-02
2.67227982222704510e-02
2.66813799037724439e-02
2.66620387223235021e-02
2.66184234477065164e-02
2.65988922034462449e-02
2.65904220465133685e-02
2.65630710481837180e-02
2.65432074608602971e-02
2.65247697879779747e-02
2.64923796805696180e-02
2.64905897588381435e-02
2.64715960507771776e-02
2.62691436722206836e-02
2.62452918405348505e-02
2.62231242878324874e-02
2.61619924620111154e-02
2.61566459320306983e-02
2.61010719412485409e-02
2.60965902167574551e-02
2.60676443809557436e-02
2.60595111545504007e-02
2.59598003956889554e-02
2.59446012819593320e-02
2.58564945894396228e-02
2.58431441239551293e-02
2.58142869615551711e-02
2.58134557893510592e-02
2.57685886527033309e-02
2.57434316153413202e-02
2.57031465283227220e-02
2.57006285405639405e-02
2.56981629743353417e-02
2.56891063624751746e-02
2.56806105053106540e-02
2.56278204611309450e-02
2.56016288749792709e-02
2.55790532134915170e-02
2.55361909300039630e-02
2.55053065420032810e-02
2.54663886796009584e-02
2.54622649814437406e-02
2.54342570341159410e-02
2.54115290103387320e-02
2.53715712457383072e-02
2.52975394735665410e-02
2.52834824279949549e-02
2.51652648409252319e-02
2.50977150736776018e-02
2.50804068960129890e-02
2.50290069207265986e-02
2.49970860713560859e-02
2.49788655846418552e-02
2.49319624335685892e-02
2.49312523354773656e-02
2.49260487822827413e-02
2.48740068495372987e-02
2.47700492064627034e-02
2.47000493679227495e-02
2.46902350095296527e-02
2.46566857670370253e-02
2.46343363288473935e-02
2.45490415309749729e-02
2.45224062331304248e-02
2.44930267933661620e-02
2.44845954454661618e-02
2.44387585187162797e-02
2.43549659112404226e-02
2.43422797317271455e-02
2.42357590292687740e-02
2.42240976171796268e-02
2.41992758552909207e-02
2.41628022156979531e-02
2.41331118669446329e-02
2.40631215341092219e-02
2.40442620272702454e-02
2.40414523692225220e-02
2.40266032796116608e-02
2.40100469807692056e-02
2.40032576496502746e-02
2.39720604842687951e-02
2.39615225383045284e-02
2.39245589971229314e-02
2.39154043071669112e-02
2.39126678925552644e-02
2.39084926276460046e-02
2.39002533414722010e-02
2.38975250722295689e-02
2.38415140910899180e-02
2.38257505559665329e-02
2.37641631236998122e-02
2.37556825059313109e-02
2.36520837554171255e-02
2.36473024264443089e-02
2.36168491096787649e-02
2.35959785975519871e-02
2.34778980845805479e-02
2.34129586225190096e-02
2.34084048628758756e-02
2.33809882214258830e-02
2.33711134473063784e-02
2.33300336569344721e-02
2.33157550817651334e-02
2.32800475647482255e-02
2.32597681410905352e-02
2.32041913149619514e-02
2.31641820059958342e-02
2.31094966116896575e-02
2.30998123221584500e-02
2.30936302551655454e-02
2.30886059040187469e-02
2.30643509584719172e-02
2.30382164562228237e-02
2.30216136866977401e-02
2.29747831860909607e-02
2.29312241360842377e-02
2.29215367958424607e-02
2.28438533945814481e-02
2.28113026863489311e-02
2.28068952621020005e-02
2.28000025615200420e-02
2.27719478385953605e-02
2.27629329652100781e-02
2.27253037334220753e-02
2.27037837366436471e-02
2.26913932079685389e-02
2.26707449350711070e-02
2.26551120501427040e-02
2.26466496624039455e-02
2.26033360157288678e-02
2.25955973975357285e-02
2.25902682048282274e-02
2.25821089274484896e-02
2.25629619446175191e-02
2.25537331672826039e-02
2.25536811988717271e-02
2.25280966719127174e-02
2.25242516683644041e-02
2.24217543172584820e-02
2.24098407769661792e-02
2.22803433177651174e-02
2.22664987165908067e-02
2.22032586213136360e-02
2.22026867103926537e-02
2.21951293242243428e-02
2.21939238278599758e-02
2.21556161562735769e-02
2.21032731270164734e-02
2.20383580329068032e-02
2.19820258740196020e-02
2.19598629773404344e-02
2.19535589889986241e-02
2.19382955807210719e-02
2.19283072384641071e-02
2.18923793659400803e-02
2.18775018057855361e-02
2.18722745933729139e-02
2.18638471366093060e-02
2.18541468993832325e-02
2.18380547688137167e-02
2.18240573045210134e-02
2.18084844089966416e-02
2.17363259616600302e-02
2.17166198286145584e-02
2.17078765679536261e-02
2.16721569491047338e-02
2.16717181581219977e-02
2.16617767432176062e-02
2.16590848099977203e-02
2.16436485689864080e-02
2.16298513953543867e-02
2.16223804426882715e-02
2.16039624686330915e-02
2.16005953918424927e-02
2.15696028144984377e-02
2.15278934683531299e-02
2.14261273060507400e-02
2.13755096574088747e-02
2.13223191561391322e-02
2.13153293690510996e-02
2.13140179236288273e-02
2.13088241724378180e-02
2.12957137385599814e-02
2.12938247274909176e-02
2.12740525748871222e-02
2.12267704623613392e-02
2.12140887703791171e-02
2.11698137396279899e-02
2.11696782834758339e-02
2.11556515605349528e-02
2.11429056896423433e-02
2.11122885062804619e-02
2.10554718184715571e-02
2.09949392249346896e-02
2.09531355271435175e-02
2.09496448595829117e-02
2.09419457629057733e-02
2.09367039098541964e-02
2.09316687590186783e-02
2.09316125869593549e-02
2.09289959701397521e-02
2.09085718817298566e-02
2.08821304645766502e-02
2.08734493026210034e-02
2.08574843266605900e-02
2.08565324343391902e-02
2.08345882126120575e-02
2.08240412505472823e-02
2.07952369528069565e-02
2.07886923844151118e-02
2.07667913326024973e-02
2.07552811127221133e-02
2.07547914714308196e-02
2.07356711416126598e-02
2.07317160857108246e-02
2.07176286838034844e-02
2.06902747435904963e-02
2.06863044282261134e-02
2.06851505428889762e-02
2.06652214493270349e-02
2.06120954544432508e-02
2.05873533644478843e-02
2.05862526349709814e-02
2.05798646710908667e-02
2.05680254360736461e-02
2.05272587407669405e-02
2.04873953753423356e-02
2.04826456352215878e-02
2.04218007573271458e-02
2.04212293229688938e-02
2.04038345988446848e-02
2.04026789318325734e-02
2.03862193099807083e-02
2.03769902383792341e-02
2.03743657811304123e-02
2.03686880430640829e-02
2.03392135000578199e-02
2.03296381404464398e-02
2.03205144735061002e-02
2.02569465551703833e-02
2.01496481427852585e-02
2.01479083698909191e-02
2.01290957495054851e-02
2.01222711831148121e-02
2.01216844820725285e-02
2.00914332925144282e-02
2.00727811727681275e-02
2.00506213940601849e-02
2.00217619990602121e-02
2.00123005352732357e-02
1.99851412782923593e-02
1.99832092861571067e-02
1.99660589581278670e-02
1.99563169269641842e-02
1.99422632353046976e-02
1.99124683069208837e-02
1.98993242865766994e-02
1.98764190686260590e-02
1.98713977177635420e-02
1.98559271064398003e-02
1.98463701237724006e-02
1.98359754216628804e-02
1.98042267006688678e-02
1.97561666793311490e-02
1.97448178477476893e-02
1.97424708855847217e-02
1.97148816249590846e-02
1.97098011736841251e-02
1.96932799727029956e-02
1.96855040566144140e-02
1.96665621369353331e-02
1.96581830276506588e-02
1.96536782809568836e-02
1.96149928001598597e-02
1.95505509503045918e-02
1.95436932479326891e-02
1.95302017496469700e-02
1.94967022093109552e-02
1.94802294886644335e-02
1.94743141177231606e-02
1.94572275073619412e-02
1.94170174352083467e-02
1.94135037972466458e-02
1.94062027521948628e-02
1.93851037242118648e-02
1.93844962467852946e-02
1.93654909286754308e-02
1.93637941177614431e-02
1.93316816496165340e-02
1.93184192581116604e-02
1.93166952304969566e-02
1.93040281088990642e-02
1.92938715217213057e-02
1.92868884339902034e-02
1.92826835424949571e-02
1.92708324917407782e-02
1.92582735238403524e-02
1.92421295503500747e-02
1.92380140358482353e-02
1.92200856577029663e-02
1.91788527176164278e-02
1.91684341516868452e-02
1.91671832426243555e-02
1.91456907174188326e-02
1.91374377124237799e-02
1.91205403044417029e-02
1.91202705009426710e-02
1.90768088323072689e-02
1.90445234262320157e-02
1.90004346831820804e-02
1.89989469583379013e-02
1.89765222919729727e-02
1.89421946842235345e-02
1.89401442114627595e-02
1.89214213411265861e-02
1.88688730189380746e-02
1.88492766032998076e-02
1.88367282519266085e-02
1.88360942265034838e-02
1.88355906967064037e-02
1.88341853874246234e-02
1.88182597949035774e-02
1.88126630921133381e-02
1.87955591663569038e-02
1.87867311502881336e-02
1.87821586918492413e-02
1.87753810326343196e-02
1.87681590397324911e-02
1.87621475792348197e-02
1.87536848033371777e-02
1.86797822347846837e-02
1.86678807744826876e-02
1.86359319837913658e-02
1.86224650767393973e-02
1.86034830283928060e-02
1.85979225758114465e-02
1.85731059048301755e-02
1.85694691212066193e-02
1.85639454291836835e-02
1.84992861481011392e-02
1.84565456602572876e-02
1.84331335721106028e-02
1.84144915961417868e-02
1.84131609713392361e-02
1.83932887856366571e-02
1.83816726791274712e-02
1.83768010561745354e-02
1.83544897218409150e-02
1.83340082069013421e-02
1.82633355060565251e-02
1.82072685588623717e-02
1.82030517711722559e-02
1.81963813555522103e-02
1.81735363259840979e-02
1.81343402029461517e-02
1.81228082150219696e-02
1.81176474702724258e-02
1.81126228654382576e-02
1.81093172170527263e-02
1.80939360423052718e-02
1.80878308093429425e-02
1.80740717441935338e-02
1.80738539793337989e-02
1.80589470798000196e-02
1.80529223823592301e-02
1.80285875880554225e-02
1.80081348698034570e-02
1.79791193205904899e-02
1.79560026029749256e-02
1.79227866386927545e-02
1.79118932948845282e-02
1.78969007370260655e-02
1.78861802989845643e-02
1.78845421481689908e-02
1.78413852500697405e-02
1.78367373099798734e-02
1.78271616401310846e-02
1.78130599459449708e-02
1.78023110189732339e-02
1.77946831523845654e-02
1.77926976074057643e-02
1.77630409412044138e-02
1.77568858508664329e-02
1.77546669305207218e-02
1.77310736354471706e-02
1.77075625432155000e-02
1.77057861670266783e-02
1.77001742095923703e-02
1.76779391603775586e-02
1.76736348164570692e-02
1.76474552813129341e-02
1.76463792244580947e-02
1.76440141530613825e-02
1.76387311134992286e-02
1.76235413878411962e-02
1.76007392423519725e-02
1.75630639676895399e-02
1.75254964474741634e-02
1.75214764485039920e-02
1.75127706741512977e-02
1.74794080907576602e-02
1.74672739640801752e-02
1.74566736615579567e-02
1.74457058919437677e-02
1.73950841006304778e-02
1.73725127719258805e-02
1.73505186562103800e-02
1.73444074384968422e-02
1.72995531269181622e-02
1.72804030370406654e-02
1.72639560546406570e-02
1.72614414666381645e-02
1.72521981465416294e-02
1.72444606008698223e-02
1.72264935520093573e-02
1.72031301142314165e-02
1.72023948775107266e-02
1.71875156070902917e-02
1.71865322592980735e-02
1.71732014494426904e-02
1.71596457180976519e-02
1.71593656471426895e-02
1.71425661477259371e-02
1.71262684154073995e-02
1.71174241870861582e-02
1.70974867502303035e-02
1.70917488836152508e-02
1.70757679495281700e-02
1.70584366586948172e-02
1.70581168374393417e-02
1.70506034094343728e-02
1.70454934548174737e-02
1.70304119120741303e-02
1.70188819044155386e-02
1.70183815208342498e-02
1.69918031906535864e-02
1.69797579094887775e-02
1.69628996044130023e-02
1.69618352645866041e-02
1.69546051325412638e-02
1.69520018498980837e-02
1.69474358061201848e-02
1.69424017330294767e-02
1.69370159786624147e-02
1.69323805089745504e-02
1.68732873722106068e-02
1.68715294375631382e-02
1.68348074661101195e-02
1.67898398480358854e-02
1.67857933403032858e-02
1.67660897459010264e-02
1.67612783631446716e-02
1.67583098904298296e-02
1.67478202887533685e-02
1.67426006579022464e-02
1.67415702188961034e-02
1.67095792644944043e-02
1.67034827238180285e-02
1.66902400754810887e-02
1.65545657934406155e-02
1.65104146297655428e-02
1.64801499335344784e-02
1.64796345470216571e-02
1.64453098234107579e-02
1.63983459965223594e-02
1.63950896153856364e-02
1.63901843896663395e-02
1.63754420304472528e-02
1.63204506517516772e-02
1.63036617909128045e-02
1.62960290475682307e-02
1.62915435910728559e-02
1.62830594912731809e-02
1.62701961830886595e-02
1.62558284038190719e-02
1.62489989353299356e-02
1.62484878908606134e-02
1.62355872173213824e-02
1.62345846995902744e-02
1.62209419298510980e-02
1.62100095510010651e-02
1.62029003798453732e-02
1.61996275276532486e-02
1.61930681613639965e-02
1.61681001701411420e-02
1.61624038940366664e-02
1.61614389563948767e-02
1.61603976837111536e-02
1.61455001004438096e-02
1.61386962825672241e-02
1.61269725037947072e-02
1.61194876229129452e-02
1.61108622620943949e-02
1.61080934959481926e-02
1.60945372159533827e-02
1.60762931314165462e-02
1.60670915264156666e-02
1.60653117306973695e-02
1.60574973257247636e-02
1.60326016000187331e-02
1.60209721935390369e-02
1.60196751581334271e-02
1.60074653382360210e-02
1.60068630727134634e-02
1.59954679883282727e-02
1.59793454589415400e-02
1.59691593865733152e-02
1.59607911591785681e-02
1.59598446110879241e-02
1.59576681169043867e-02
1.59565794408830439e-02
1.59564088224495200e-02
1.59542234119849947e-02
1.59467101658942213e-02
1.59311504664824063e-02
1.59288537258786625e-02
1.59280738600431730e-02
1.58916853184014502e-02
1.58913263751180311e-02
1.58775743333835970e-02
1.58757660533941809e-02
1.58740698488127677e-02
1.58545144512420300e-02
1.58509389253006887e-02
1.58428846496611181e-02
1.58187475994641287e-02
1.58152415275493695e-02
1.58119421937151089e-02
1.57925822101015710e-02
1.57924731751511588e-02
1.57900847959229242e-02
1.57825098738685332e-02
1.57792267835014342e-02
1.57779885019049895e-02
1.57768616306922377e-02
1.57703458463806581e-02
1.57611238145895678e-02
1.57588789568071687e-02
1.57563320097311582e-02
1.57507041625806338e-02
1.57363884834994770e-02
1.57320606859055467e-02
1.57319385363783246e-02
1.57276330288858950e-02
1.57055632221892172e-02
1.57012729250181754e-02
1.56922419642687126e-02
1.56865741783072422e-02
1.56793923598831583e-02
1.56678721525356779e-02
1.56656695451185511e-02
1.56630270470093126e-02
1.56573215293417320e-02
1.56415341594762294e-02
1.56101961709531594e-02
1.55859839120587908e-02
1.55832742482574053e-02
1.55676684460707600e-02
1.55662083806158459e-02
1.55594897203786119e-02
1.55481802476019164e-02
1.55227189552481753e-02
1.54944376974992595e-02
1.54852143229114621e-02
1.54791647038860138e-02
1.54680810075250395e-02
1.54658050644825920e-02
1.54571619878133178e-02
1.54556768421928309e-02
1.54399382094085012e-02
1.54381005827374952e-02
1.54341242790621141e-02
1.54164718522601003e-02
1.53936477308070259e-02
1.53699749428840033e-02
1.53576974818042822e-02
1.53544001529564260e-02
1.53542062973517236e-02
1.53301161061700827e-02
1.53283023943340067e-02
1.53201799827862948e-02
1.53094521919171726e-02
1.52958851320583074e-02
1.52942870059059478e-02
1.52842295682700958e-02
1.52830912980760764e-02
1.52765797711544079e-02
1.52734546662757816e-02
1.52681524022639497e-02
1.52557914348445019e-02
1.52468394025565435e-02
1.52099010189018537e-02
1.51975415695451994e-02
1.51833643305964716e-02
1.51467917073452932e-02
1.51393278143397460e-02
1.51265826872299981e-02
1.51234774663928685e-02
1.51124799736622427e-02
1.51092542011578741e-02
1.50871115164492239e-02
1.50760419385585036e-02
1.50335484180309890e-02
1.49913525544991735e-02
1.49738053812112758e-02
1.49636616022686304e-02
1.49445251290100858e-02
1.49432112954978446e-02
1.49303284490801078e-02
1.49241977577179701e-02
1.49168539969599789e-02
1.49056750910870287e-02
1.48977565492028983e-02
1.48925032012380918e-02
1.48677289868549955e-02
1.48668963276674827e-02
1.48633519191930623e-02
1.48339573539527803e-02
1.48324331910847027e-02
1.48039751468481660e-02
1.47965684950131966e-02
1.47944310780959588e-02
1.47903740345100461e-02
1.47881079210887972e-02
1.47846871607090220e-02
1.47846436381374579e-02
1.47836669449457926e-02
1.47748193924612786e-02
1.47365551567283145e-02
1.47300922427856685e-02
1.46950576725876740e-02
1.46898440596400243e-02
1.46835977190895531e-02
1.46824975437888378e-02
1.46805794958380954e-02
1.46778616060859214e-02
1.46696975059368555e-02
1.46531174541996156e-02
1.46523970305221709e-02
1.46441449948962847e-02
1.46425378327680964e-02
1.46388595602438068e-02
1.46371299998994120e-02
1.46344806952630139e-02
1.46337032303472912e-02
1.46162365760506494e-02
1.46126090497989986e-02
1.45870917975210734e-02
1.45578214933317247e-02
1.45475485091424092e-02
1.45440676842647602e-02
1.45333959322839368e-02
1.45145743172310684e-02
1.45138301556144694e-02
1.45065573952157419e-02
1.45003611618948446e-02
1.44910618357765222e-02
1.44693753433302735e-02
1.44599601127278366e-02
1.44480906516584948e-02
1.44388771376099557e-02
1.44204522670202447e-02
1.44193882864337517e-02
1.44172757962989749e-02
1.43904560022062693e-02
1.43902111077386565e-02
1.43901548376071699e-02
1.43868394557845961e-02
1.43856564844227885e-02
1.43585170938911964e-02
1.43528828139041584e-02
1.43494033339486016e-02
1.43486775677861521e-02
1.43439253183539339e-02
1.43234057070020428e-02
1.43182822157560240e-02
1.43149772350911579e-02
1.43032560274715392e-02
1.42867311342031299e-02
1.42835285052700326e-02
1.42750863956986555e-02
1.42728152131123831e-02
1.42544353028266624e-02
1.42385653661689596e-02
1.42012049482924119e-02
1.41848445476451552e-02
1.41625343341116334e-02
1.41231849782388827e-02
1.40836554800393820e-02
1.40721958124578883e-02
1.40708584571165706e-02
1.40701884327522203e-02
1.40580041478896127e-02
1.40572637044499762e-02
1.40446108249830774e-02
1.40416766448807646e-02
1.40415513426548188e-02
1.40344151870578394e-02
1.40328087930226119e-02
1.39996477203103049e-02
1.39925637876920951e-02
1.39758639408008867e-02
1.39703017185420046e-02
1.39689957993852209e-02
1.39658473272565743e-02
1.39344956481605477e-02
1.39166694244804903e-02
1.39156097804394949e-02
1.39136926801686264e-02
1.39044187361391635e-02
1.38885814124716650e-02
1.38714795612034925e-02
1.38646604378656092e-02
1.38640630992040038e-02
1.38605242284989012e-02
1.38596742091627555e-02
1.38489014300522718e-02
1.38480531810425897e-02
1.38465556714151526e-02
1.38423305696797061e-02
1.38387628136809743e-02
1.38305040863930077e-02
1.38160008976610325e-02
1.38117577772468719e-02
1.37970496036424889e-02
1.37900857127479393e-02
1.37858699307237716e-02
1.37782161801764617e-02
1.37721640681709983e-02
1.37552079972581981e-02
1.37530961880970547e-02
1.37462999450528901e-02
1.37287897748985203e-02
1.37273804584560621e-02
1.37269497084705691e-02
1.37207862408535147e-02
1.36920418006927294e-02
1.36909893487605870e-02
1.36755193195225739e-02
1.36612154071214069e-02
1.36607941908027646e-02
1.36485829837455913e-02
1.36318119907153090e-02
1.36213088297589147e-02
1.36069184006498891e-02
1.35914540415001932e-02
1.35676439956929368e-02
1.35671596630347353e-02
1.35589399124821063e-02
1.35479617262916248e-02
1.35441462345688157e-02
1.35317802602719240e-02
1.35306294190330537e-02
1.35294144018721571e-02
1.35284127995744016e-02
1.35232844516382025e-02
1.34885150002138215e-02
1.34800215010063666e-02
1.34698058959422939e-02
1.34540079845065046e-02
1.34525206832448296e-02
1.34506408328955423e-02
1.34482385575391394e-02
1.34461565737631142e-02
1.34346179098359404e-02
1.34158681244925058e-02
1.34104699846823733e-02
1.34098526928500723e-02
1.33927962600256332e-02
1.33911777880445018e-02
1.33810722436962480e-02
1.33735502132174850e-02
1.33639619390992555e-02
1.33632242076329212e-02
1.33575107721787545e-02
1.33522558051505560e-02
1.33510272951838319e-02
1.33323609674285259e-02
1.33133142939986099e-02
1.33090760163053472e-02
1.33063050809871849e-02
1.32734261310995891e-02
1.32720866795748831e-02
1.32363098466745065e-02
1.32328884899284172e-02
1.31925506006258051e-02
1.31853695247438930e-02
1.31821905329951375e-02
1.31779647973450757e-02
1.31508075972920756e-02
1.31484030270371498e-02
1.31464484938288301e-02
1.31451347294624099e-02
1.31437356538076523e-02
1.31301477196331395e-02
1.31297189109171736e-02
1.31228795349754880e-02
1.30999705293472369e-02
1.30935124473013521e-02
1.30918543362607623e-02
1.30719203764824120e-02
1.30598211821090944e-02
1.30563626057433047e-02
1.30241269916854824e-02
1.30230644455461460e-02
1.30053824069057064e-02
1.29936389866049228e-02
1.29873094075948579e-02
1.29850686135256702e-02
1.29789344873297331e-02
1.29609073462481732e-02
1.29608860030546152e-02
1.29493923385874503e-02
1.29285012731857347e-02
1.29263485663451000e-02
1.29157265382381942e-02
1.29054285610411077e-02
1.29027596677777356e-02
1.28948892957445778e-02
1.28767277670113756e-02
1.28679950218343279e-02
1.28619352511006278e-02
1.28608269938287924e-02
1.28583984637563268e-02
1.28497003716142658e-02
1.28475039577520909e-02
1.28348383938510485e-02
1.28290756935077951e-02
1.28264951264406828e-02
1.28213662189928142e-02
1.28210081660186225e-02
1.28198916495850228e-02
1.28196253385233806e-02
1.28143598927545933e-02
1.28024202761702257e-02
1.27941304726157928e-02
1.27908144588232929e-02
1.27838817204872709e-02
1.27813107692784957e-02
1.27642784679363151e-02
1.27461301925248342e-02
1.27343897056902914e-02
1.27225150911049120e-02
1.27099984237915176e-02
1.27061174867421686e-02
1.26646488649537117e-02
1.26338298785014687e-02
1.26323060426352819e-02
1.25927602204292770e-02
1.25885489216878785e-02
1.25847424780529214e-02
1.25709773332482802e-02
1.25676534176989586e-02
1.25656677470557514e-02
1.25596413169828027e-02
1.25548129052497435e-02
1.25296327984766587e-02
1.25119622548999498e-02
1.25108300339811587e-02
1.24945471585802860e-02
1.24843711870332979e-02
1.24688967831965147e-02
1.24688046319797064e-02
1.24601204102761428e-02
1.24445039765731236e-02
1.24444940413082263e-02
1.24294658261739684e-02
1.24115138521267380e-02
1.24080769485475188e-02
1.23884654864225667e-02
1.23876584102579641e-02
1.23851665153859210e-02
1.23799069397003796e-02
1.23749736763477426e-02
1.23745534316583271e-02
1.23701328582085171e-02
1.23505649139462308e-02
1.23434541766932783e-02
1.23395783161649800e-02
1.23382854714228531e-02
1.23284860831206992e-02
1.23225029039309569e-02
1.23007718948896574e-02
1.22942647839412045e-02
1.22865790956861766e-02
1.22814270546568894e-02
1.22806894799735913e-02
1.22609359686933241e-02
1.22599444641020936e-02
1.22565597768281367e-02
1.22548952040997181e-02
1.22516390664022361e-02
1.22416834758711131e-02
1.22251602371334610e-02
1.22136217190179103e-02
1.22094742845478346e-02
1.22045633703859752e-02
1.21876599581071075e-02
1.21777433519583301e-02
1.21743668668829515e-02
1.21689164743372432e-02
1.21577218235977020e-02
1.21574443071849093e-02
1.21572950132181300e-02
1.21387124500960536e-02
1.21367897803344275e-02
1.21329272249118651e-02
1.21308551662541973e-02
1.21226969410422793e-02
1.21129386940698261e-02
1.21085982943239627e-02
1.21066393341805051e-02
1.20956229077089673e-02
1.20908225948014505e-02
1.20889253919897587e-02
1.20887487635070370e-02
1.20810884747073327e-02
1.20749788289837776e-02
1.20620568671314082e-02
1.20526116227923780e-02
1.20470952936349487e-02
1.20435020104076047e-02
1.20412476765959127e-02
1.20267261917902275e-02
1.20237498836969752e-02
1.20235327798122252e-02
1.19797034597596153e-02
1.19550034292926766e-02
1.19483330626344430e-02
1.19475795898027499e-02
1.19298530163259135e-02
1.19123556937761419e-02
1.18820723175248645e-02
1.18752554561945556e-02
1.18704014625553769e-02
1.18606535200083772e-02
1.18534804054857557e-02
1.18509264281342029e-02
1.18375721233337228e-02
1.18286656402969148e-02
1.18277214938081344e-02
1.18179366332959845e-02
1.18170334596098634e-02
1.18148175947465489e-02
1.18038392162738599e-02
1.17902812686291759e-02
1.17899727677438192e-02
1.17776154003441363e-02
1.17728379079853826e-02
1.17697095435749695e-02
1.17696740287361132e-02
1.17486184446506225e-02
1.17460137856673814e-02
1.17340338284213797e-02
1.17288320757974480e-02
1.17284895406957832e-02
1.17245770833925549e-02
1.17203871905417409e-02
1.17191318261195554e-02
1.17116924334980006e-02
1.17107761926607459e-02
1.16955746744630672e-02
1.16899602151223202e-02
1.16804600190724833e-02
1.16802781786261006e-02
1.16723025979306692e-02
1.16689426623001486e-02
1.16642821485046424e-02
1.16635099765314033e-02
1.16621104148134820e-02
1.16522877597495991e-02
1.16388893122853516e-02
1.16379344772009948e-02
1.16334118011806112e-02
1.16117318788183065e-02
1.16114172052483224e-02
1.15973916578319576e-02
1.15942608751868140e-02
1.15911621929740121e-02
1.15886164619030622e-02
1.15797934643024659e-02
1.15717707665215896e-02
1.15503101421147811e-02
1.15426720789912288e-02
1.15309065892525205e-02
1.15248130917531121e-02
1.15242790405996678e-02
1.15056964726601429e-02
1.15016505552612922e-02
1.14956623123144922e-02
1.14833908452523364e-02
1.14590060034511967e-02
1.14438668689341942e-02
1.14392142869035006e-02
1.14376149282057801e-02
1.14241908292360816e-02
1.14053312714790227e-02
1.13973514436132989e-02
1.13893758014489369e-02
1.13805046296713026e-02
1.13790165774045778e-02
1.13785424876890369e-02
1.13602127175766090e-02
1.13415841294658148e-02
1.13357960433222542e-02
1.13321172978848809e-02
1.13298318031023523e-02
1.13234084574720430e-02
1.13221170714663446e-02
1.13197057467461382e-02
1.13191170534769625e-02
1.13167115896907981e-02
1.13154397634525963e-02
1.13104827660381706e-02
1.13008384017530775e-02
1.12980294425367254e-02
1.12892434542458450e-02
1.12708802887763089e-02
1.12615577953723896e-02
1.12587135836033931e-02
1.12580113087556877e-02
1.12427177953538012e-02
1.12408868555130010e-02
1.12364909104473287e-02
1.12078803119495685e-02
1.12020262343095131e-02
1.11872382327248866e-02
1.11810189321707165e-02
1.11759860147510378e-02
1.11734380605470369e-02
1.11698049696900333e-02
1.11622848817219331e-02
1.11588220800071143e-02
1.11497964319748170e-02
1.11432301835932158e-02
1.11370494801619271e-02
1.11312671504316639e-02
1.11270508348594987e-02
1.11257834509660199e-02
1.11249631142652204e-02
1.11138970220890972e-02
1.10996579288325480e-02
1.10962044041766159e-02
1.10920352498335567e-02
1.10840560334423341e-02
1.10804019232496175e-02
1.10780038052091679e-02
1.10779458166984836e-02
1.10659117300858870e-02
1.10658113958106222e-02
1.10652789149981567e-02
1.10625196672902992e-02
1.10472438036179239e-02
1.10436450944777342e-02
1.10435962973582050e-02
1.10404316434941658e-02
1.10331430043271797e-02
1.10213383316692410e-02
1.10196867742946136e-02
1.10080286430317784e-02
1.10039964024063758e-02
1.10010336378397900e-02
1.09997162364488810e-02
1.09916907735150334e-02
1.09856349265139066e-02
1.09843964561321325e-02
1.09702510298105294e-02
1.09652677724075449e-02
1.09632313749241841e-02
1.09617101701541524e-02
1.09547595881528039e-02
1.09534230438748520e-02
1.09522829553963391e-02
1.09460689435039917e-02
1.09454432371863253e-02
1.09451225474311419e-02
1.09386009212703549e-02
1.09337036596298415e-02
1.09228424313831413e-02
1.09217093704426314e-02
1.08982299199487376e-02
1.08547759515781276e-02
1.08368609043972830e-02
1.08352601368233176e-02
1.08314352049830951e-02
1.08288486440269224e-02
1.08283023428210317e-02
1.08103840117994548e-02
1.08079967201829483e-02
1.08038783852989762e-02
1.07884332014226061e-02
1.07873635811069676e-02
1.07776062638037361e-02
1.07708445123814184e-02
1.07624794123480187e-02
1.07508225792587227e-02
1.07497953156804257e-02
1.07455609733807678e-02
1.07440761013738312e-02
1.07396981124676036e-02
1.07344726012005686e-02
1.07320676874755900e-02
1.07308315391326115e-02
1.07287656988576691e-02
1.07206702743847127e-02
1.07168475078436159e-02
1.06935144984590582e-02
1.06922362785568832e-02
1.06734224651131599e-02
1.06685689976367612e-02
1.06673284169972009e-02
1.06672061738372296e-02
1.06577612441647422e-02
1.06575863116642779e-02
1.06556100394959111e-02
1.06517445491273993e-02
1.06452676902576374e-02
1.06409197943735153e-02
1.06348970872200722e-02
1.06315157324237738e-02
1.06301423729701257e-02
1.06266165391615749e-02
1.06233655240605164e-02
1.06164360482818160e-02
1.06040793923586202e-02
1.06037569981291668e-02
1.05927896987387075e-02
1.05794872145870689e-02
1.05771245197698160e-02
1.05731408788478452e-02
1.05652828784507900e-02
1.05609760884993985e-02
1.05599009739168557e-02
1.05398911184818103e-02
1.05306484826564219e-02
1.05281397083157348e-02
1.05158876170724259e-02
1.05147282664267011e-02
1.05134403696323653e-02
1.05129200474884579e-02
1.05122531441953198e-02
1.05092584065326674e-02
1.05030483399775870e-02
1.05017689210752333e-02
1.04869732047448844e-02
1.04709191678641449e-02
1.04704367362847810e-02
1.04475935212990870e-02
1.04400815702737799e-02
1.04380324113908102e-02
1.04372285717001939e-02
1.04370328740753734e-02
1.04360538805327637e-02
1.04355789909552580e-02
1.03938699690300507e-02
1.03917561474538168e-02
1.03799759407177620e-02
1.03775577580960104e-02
1.03702152011860751e-02
1.03643081684382122e-02
1.03638215656289157e-02
1.03634874157209362e-02
1.03585743043957453e-02
1.03566826548627290e-02
1.03529725622342906e-02
1.03370750812681791e-02
1.03352942555788585e-02
1.03263704269629143e-02
1.03221612394950313e-02
1.03183248569713552e-02
1.03164231462348939e-02
1.03158177492053190e-02
1.03110328148814587e-02
1.03091151660375004e-02
1.03089765021706845e-02
1.03072977746109847e-02
1.03005226108369395e-02
1.02921817964538292e-02
1.02773402328354604e-02
1.02518763465461338e-02
1.02512583333242702e-02
1.02473467158655726e-02
1.02416999505190454e-02
1.02386795525313493e-02
1.02325775359913777e-02
1.02154734687861341e-02
1.02094703623263634e-02
1.02049167822316905e-02
1.02042572720024670e-02
1.02031994567323842e-02
1.01894450949008755e-02
1.01888652122759070e-02
1.01853383028440315e-02
1.01838702431069246e-02
1.01829943568986659e-02
1.01726206057678840e-02
1.01637207198656213e-02
1.01597829555516508e-02
1.01557757870248816e-02
1.01437617388004109e-02
1.01412434580142076e-02
1.01301153942374017e-02
1.01298774214166904e-02
1.01270698926885800e-02
1.01241174643389269e-02
1.01089041008654516e-02
1.00990291875685621e-02
1.00907062907921469e-02
1.00894052898919742e-02
1.00700365109608701e-02
1.00675225957608527e-02
1.00615542872993791e-02
1.00538535616512582e-02
1.00528687360507043e-02
1.00525009148004444e-02
1.00413353239350283e-02
1.00327982468154577e-02
1.00164297232185392e-02
1.00057567377563449e-02
9.99324837356078272e-03
9.99161763868241723e-03
9.98983951893969539e-03
9.98928514984340037e-03
9.98413231558536139e-03
9.98108272844250126e-03
9.97410495052362608e-03
9.96589360559781146e-03
9.96111444088146336e-03
9.95705562054941505e-03
9.94772182574512123e-03
9.94376054705787410e-03
9.94353442475333880e-03
9.94215811080456473e-03
9.94055174631971149e-03
9.93342949025274695e-03
9.93029961722798407e-03
9.90305918366842300e-03
9.88203664843882376e-03
9.87352037341787322e-03
9.87108999189839804e-03
9.86738252167911750e-03
9.86615099087336314e-03
9.86533491877937194e-03
9.86408378457362921e-03
9.85735044196813306e-03
9.85309366723444331e-03
9.84459417307667790e-03
9.84341738335762356e-03
9.82988150449740951e-03
9.81958811975981380e-03
9.81414839380153996e-03
9.80994391539326965e-03
9.80849744405340104e-03
9.80587508488720526e-03
9.79318673964175469e-03
9.78733888874142727e-03
9.78343865608855348e-03
9.75406895496966526e-03
9.75280844135687289e-03
9.73856428770924175e-03
9.73434924664224113e-03
9.72560105667356553e-03
9.71858295492654053e-03
9.71691820462359211e-03
9.71206798712196187e-03
9.70602108101120513e-03
9.69720858174509363e-03
9.69613821660910216e-03
9.68273524687363225e-03
9.68018429034863542e-03
9.68011041687140417e-03
9.67774503138328981e-03
9.67508190436665479e-03
9.67002570602760320e-03
9.66825530579478939e-03
9.66308298456369265e-03
9.65702431901600475e-03
9.65284038679760370e-03
9.64600850149327678e-03
9.64571447956886520e-03
9.64184284266561727e-03
9.63504389709845567e-03
9.62566104749855087e-03
9.62545047936794532e-03
9.62520007469905986e-03
9.62265204438401620e-03
9.62140849483583520e-03
9.62134996434626556e-03
9.61934689975280088e-03
9.61159598999797478e-03
9.60636123685937489e-03
9.60574426926913763e-03
9.59483875044496795e-03
9.59407727047233497e-03
9.59234022758882927e-03
9.58768412856172286e-03
9.58308208630509993e-03
9.58099245027453118e-03
9.57400820613218441e-03
9.57289868439017283e-03
9.56998240584573494e-03
9.56805226218652126e-03
9.56773881862200797e-03
9.56441870935654387e-03
9.55914158626221082e-03
9.55725668498889382e-03
9.55709101259186178e-03
9.55059627335618291e-03
9.54926478703645686e-03
9.54558486825297231e-03
9.52971813983903050e-03
9.52252112444249357e-03
9.52023367993082813e-03
9.51939094538211024e-03
9.51312834645962925e-03
9.50927071666974461e-03
9.50848799222458151e-03
9.50755833452754384e-03
9.50271176320268904e-03
9.49256989925658518e-03
9.48944347272822133e-03
9.48446210927512967e-03
9.48019507636573174e-03
9.47774209096968051e-03
9.47252564840356248e-03
9.46991703261618710e-03
9.46065171897473439e-03
9.45733545031065929e-03
9.45446721594816152e-03
9.44673877017547514e-03
9.44314591201438069e-03
9.44282589115274032e-03
9.43752470122745900e-03
9.43500476935241021e-03
9.42874742265696966e-03
9.42226006006930024e-03
9.41078397526084499e-03
9.40460905103191955e-03
9.40441578858837446e-03
9.40366334419175977e-03
9.39529970033507744e-03
9.39142365261491814e-03
9.38369966801988996e-03
9.37622034078505057e-03
9.37545906300991765e-03
9.36423000026666459e-03
9.34918556649425025e-03
9.34267812776939585e-03
9.33840922505629195e-03
9.33647233613269477e-03
9.33628669255704910e-03
9.33455777276596087e-03
9.33276597057619561e-03
9.32167064977690481e-03
9.32028830388365558e-03
9.31055022457311608e-03
9.30752336572935809e-03
9.30551591000779166e-03
9.30417707353388933e-03
9.29806956176470675e-03
9.29487449362092523e-03
9.28901937454291657e-03
9.28652363365818287e-03
9.27930643356088963e-03
9.27332787958467034e-03
9.27305041655194194e-03
9.26640541609088757e-03
9.26517668268352426e-03
9.25918759563621602e-03
9.24682116979354610e-03
9.23388900352644683e-03
9.23379036563488215e-03
9.22794986219887398e-03
9.22632426122336168e-03
9.22459367614744848e-03
9.21593292991196300e-03
9.20825403033796903e-03
9.19725401077059988e-03
9.18316954661286405e-03
9.17932707599751312e-03
9.17487211373722855e-03
9.17326088339727105e-03
9.17240788342455968e-03
9.17215188419440164e-03
9.17203109881487531e-03
9.16360101522166980e-03
9.15921147273654306e-03
9.15797799976689371e-03
9.15048635833000217e-03
9.14927417548075730e-03
9.13643358199871421e-03
9.13638096821069688e-03
9.10840646461625117e-03
9.10649851182088362e-03
9.09082998078264252e-03
9.09001548100457982e-03
9.06404406051529617e-03
9.05520998209742231e-03
9.05455510168485210e-03
9.05342418032900782e-03
9.05300275532513327e-03
9.04223534349340996e-03
9.03702127546499555e-03
9.03395909529345134e-03
9.03275052658832414e-03
9.03031108586721185e-03
9.02351431205149733e-03
9.01977395898586297e-03
9.00507065881050832e-03
9.00143437727976559e-03
9.00077213739422857e-03
8.99861726181847531e-03
8.99283110381413932e-03
8.98344543331469278e-03
8.98068944619744708e-03
8.98054383256780171e-03
8.98046354839856717e-03
8.97536817410629455e-03
8.97483681855726530e-03
8.97065828816630446e-03
8.96510784087415843e-03
8.96269832624935724e-03
8.94817714530756099e-03
8.93763933827502847e-03
8.93719830372745848e-03
8.93254172184996219e-03
8.93212103667039709e-03
8.93058952389365335e-03
8.93040374948951381e-03
8.91594425933531394e-03
8.90760545211002203e-03
8.89945490433641934e-03
8.89330331890735709e-03
8.89040143392008306e-03
8.88761354716042194e-03
8.88744804481851093e-03
8.88657477346764708e-03
8.88340746003424622e-03
8.88337327672451479e-03
8.86888551561374264e-03
8.86127528470362184e-03
8.85982390466874548e-03
8.85848005317622575e-03
8.85633857567449424e-03
8.85429730368315036e-03
8.84205941995986830e-03
8.83761165676344440e-03
8.83548163035009944e-03
8.83263493637248889e-03
8.83183118253329756e-03
8.82665017947967777e-03
8.82572264870841970e-03
8.82023057090538555e-03
8.81983281101802845e-03
8.81940843960259298e-03
8.81541904234722090e-03
8.81031356233976347e-03
8.80736445926454635e-03
8.80584329449144061e-03
8.80550240630217050e-03
8.80380890029003153e-03
8.79379835819384288e-03
8.79197805152793013e-03
8.78858649019595949e-03
8.78632047444141695e-03
8.78322613955648604e-03
8.77042767105365613e-03
8.77021878719000392e-03
8.76108002512488750e-03
8.76082504953620139e-03
8.75549756868128706e-03
8.75140497450515968e-03
8.74973968892619677e-03
8.74836789186940987e-03
8.74731822958403626e-03
8.74695722714993913e-03
8.74369304065184504e-03
8.73998817050358583e-03
8.73454970635442925e-03
8.73319207368248793e-03
8.73187479006157230e-03
8.71881887913805893e-03
8.71758250608156704e-03
8.71624238498575413e-03
8.71576159527310060e-03
8.71516355633416596e-03
8.71318800251824101e-03
8.71001670402306652e-03
8.70408056325553889e-03
8.70335273248463125e-03
8.69746534412386800e-03
8.68878998774560637e-03
8.67999478550256047e-03
8.67546075843039083e-03
8.67228187407130709e-03
8.66693231453474766e-03
8.66607172029537805e-03
8.66453095285465817e-03
8.66349600117274389e-03
8.66312346590717916e-03
8.66211555415484502e-03
8.66197340927202068e-03
8.66047014200645691e-03
8.66008153197688965e-03
8.65889603517200172e-03
8.65433684105937351e-03
8.65259193502920972e-03
8.64855605871271867e-03
8.64690363267715811e-03
8.64196493489631339e-03
8.64176197840522964e-03
8.63534780034089407e-03
8.63356118416393030e-03
8.63321780441242241e-03
8.62654748443466082e-03
8.62305311792095630e-03
8.62196972416884658e-03
8.61716301085691319e-03
8.61515449500288057e-03
8.61064950573000448e-03
8.60432689630502394e-03
8.59995011604049002e-03
8.59777326895147000e-03
8.59271849236694502e-03
8.59115103502773939e-03
8.56783683125394296e-03
8.56264855123057937e-03
8.55837085545681740e-03
8.55781972149426487e-03
8.54863862714709197e-03
8.53348230837328893e-03
8.53288065188986811e-03
8.53205944409281963e-03
8.52803685954149106e-03
8.51989123430000987e-03
8.51480186263083721e-03
8.51165534264694719e-03
8.50684236547061441e-03
8.50450736929548277e-03
8.50054933693031138e-03
8.50042257342968795e-03
8.49344834839955640e-03
8.49193943957280047e-03
8.48312719338505626e-03
8.47385287434803021e-03
8.47357313646723322e-03
8.47017463091478268e-03
8.46985421476701729e-03
8.46832197837708855e-03
8.45582703809662217e-03
8.45448157698427440e-03
8.44821198947525234e-03
8.44801283876298742e-03
8.44552278027048582e-03
8.44297691438077556e-03
8.43007313869627642e-03
8.42970595334507911e-03
8.42724180048526512e-03
8.42452439239714350e-03
8.42281423667961930e-03
8.41612436471436860e-03
8.40856586535001366e-03
8.40770454785748529e-03
8.40744545035089323e-03
8.40607312142639153e-03
8.40439426689687692e-03
8.40358962717960463e-03
8.39673381306060493e-03
8.39650340738198366e-03
8.39623649917667011e-03
8.39110808874612112e-03
8.38893979529553580e-03
8.38874902490203793e-03
8.38275917577678380e-03
8.37906148945052019e-03
8.37055422423303025e-03
8.36163384082481802e-03
8.35863644058926734e-03
8.35837310450839553e-03
8.35799747240299935e-03
8.35121697000706410e-03
8.35045273873489917e-03
8.34721661981472837e-03
8.34270470780244279e-03
8.34177453153293717e-03
8.33886393284473393e-03
8.33674476601163617e-03
8.33546582876562754e-03
8.33478347323834620e-03
8.33333688231368760e-03
8.33224559317299017e-03
8.33039763672772070e-03
8.33009439857248200e-03
8.32899682568725812e-03
8.32829445138325193e-03
8.32718046140354731e-03
8.32537767334791227e-03
8.31847111800163713e-03
8.31589460245771642e-03
8.31533630956306224e-03
8.30680838509605807e-03
8.29687612917038436e-03
8.29666138504095430e-03
8.29065242948241569e-03
8.28384617117610376e-03
8.27839814241661427e-03
8.27800041230782220e-03
8.27557003476849483e-03
8.27221953016292477e-03
8.27105322493740247e-03
8.26694807171000044e-03
8.26370526607805161e-03
8.26268980639980818e-03
8.25944507258425352e-03
8.25458439933110522e-03
8.25230090152839248e-03
8.24060506106592469e-03
8.23144693877754866e-03
8.23104888363765733e-03
8.22820084506176511e-03
8.22410705958464931e-03
8.22378930743933138e-03
8.22156308777912716e-03
8.21244193563116891e-03
8.20904055565246926e-03
8.20706444322783467e-03
8.20150884999251706e-03
8.19747634182267475e-03
8.19101337395919393e-03
8.18968578569093456e-03
8.18690709794833368e-03
8.18499749371635020e-03
8.18492966917128313e-03
8.18183691963256937e-03
8.18019783856938250e-03
8.17684347137064699e-03
8.17435968909711007e-03
8.17363621686310361e-03
8.16584496870354816e-03
8.15867431982673919e-03
8.15710484706803733e-03
8.15147424729671145e-03
8.14461294987702325e-03
8.14226993350389977e-03
8.14218786859575994e-03
8.13987959345979784e-03
8.13662479685640753e-03
8.13003664635907758e-03
8.12899964934981484e-03
8.11928753490030568e-03
8.11843966539067818e-03
8.11433796838979988e-03
8.11381743558689354e-03
8.11203292656263730e-03
8.11026993944994300e-03
8.10951513778994729e-03
8.10403018138219390e-03
8.10234638797476155e-03
8.08816604148597691e-03
8.08421903173778787e-03
8.07815280782586860e-03
8.07322864936625174e-03
8.07111602645217176e-03
8.06902236605056868e-03
8.06584963829180476e-03
8.05994336618309597e-03
8.05309930361694862e-03
8.05234267237155653e-03
8.04400642824155271e-03
8.04364583730622466e-03
8.04165106301272734e-03
8.04005342291137098e-03
8.03842633743917165e-03
8.03582806789993054e-03
8.03165966367454590e-03
8.02524254713084424e-03
8.02369089324309753e-03
8.01659533999097597e-03
8.01631762525841993e-03
8.00740497592905207e-03
8.00539370633281989e-03
8.00528643284111226e-03
8.00519622570014348e-03
8.00314408446930504e-03
8.00154888654935545e-03
8.00149413717685630e-03
7.99862986148586023e-03
7.99794108256867732e-03
7.99787774237596671e-03
7.99468644783822568e-03
7.99340178613565724e-03
7.98595747951791855e-03
7.97359799993961789e-03
7.96714749533842734e-03
7.96479667011124916e-03
7.94400082826763124e-03
7.94063232398923950e-03
7.93428617377869676e-03
7.93371056130482734e-03
7.93341725554816586e-03
7.92674294562401016e-03
7.91641593027825503e-03
7.91330009319357597e-03
7.90663726873094483e-03
7.90551682832968741e-03
7.90463792623647722e-03
7.90178855485847501e-03
7.89511866052111828e-03
7.89435448606948080e-03
7.89254896566125158e-03
7.89225254143179761e-03
7.88925545572690887e-03
7.88327519394925631e-03
7.88099097034704495e-03
7.87118041329927694e-03
7.86993377402706029e-03
7.86481593183297086e-03
7.86436948692600078e-03
7.86252433301435141e-03
7.85997178696782976e-03
7.85708946974885726e-03
7.85358930432568034e-03
7.85264035113052671e-03
7.85050447796848024e-03
7.84700008655814241e-03
7.83456881868460978e-03
7.83304936180642154e-03
7.82978381081075522e-03
7.82851314922849983e-03
7.82596693920955405e-03
7.82582650599868840e-03
7.82120405049195958e-03
7.81958902771731114e-03
7.81694902395259350e-03
7.81430597577412352e-03
7.81362906869302598e-03
7.81285585320044308e-03
7.80344290585960765e-03
7.80238278105449459e-03
7.80165448914029759e-03
7.79809348166476523e-03
7.79593336346387153e-03
7.79396625323394016e-03
7.78999970326936086e-03
7.78741775475029572e-03
7.77588664265484175e-03
7.77556796019484783e-03
7.77261650985097956e-03
7.77044016636886832e-03
7.76866200376348775e-03
7.76775895283625742e-03
7.76045248559813217e-03
7.75801405247896272e-03
7.75689586858819939e-03
7.75303992003020283e-03
7.74406615720682999e-03
7.74298933158314943e-03
7.73287960321663616e-03
7.72606356116373703e-03
7.72194718434055741e-03
7.70359320379356786e-03
7.70237535280488949e-03
7.70193966535424792e-03
7.70066106075347010e-03
7.69892263958100054e-03
7.69835721157470249e-03
7.69631592155950537e-03
7.69121154588035382e-03
7.68199300400437910e-03
7.67462129660917598e-03
7.67224208095841978e-03
7.66769673203595431e-03
7.65707181506895731e-03
7.65637877525996574e-03
7.64788435098652433e-03
7.64266422915190272e-03
7.63576878097724492e-03
7.63184135004745228e-03
7.62969851994039442e-03
7.62637026033500566e-03
7.62529186236106382e-03
7.62363591191128100e-03
7.62356059710828874e-03
7.62024348984908367e-03
7.61824650684075205e-03
7.61806318439020840e-03
7.61701594095644859e-03
7.61089221355362115e-03
7.61004156312201138e-03
7.60831125916569800e-03
7.59653369844781774e-03
7.59647399466332682e-03
7.59288654114186664e-03
7.59247702466969016e-03
7.57966238219816117e-03
7.57663793739965941e-03
7.55841237679933612e-03
7.55031474797923045e-03
7.54962846243841662e-03
7.54770317568813961e-03
7.54496732506596164e-03
7.54422078403494279e-03
7.53943936066893416e-03
7.53092328161196738e-03
7.51284771693658000e-03
7.51098448005092702e-03
7.50655641362907647e-03
7.50466479309951518e-03
7.50291329387305084e-03
7.50033164823483891e-03
7.49942906038702107e-03
7.49879184002335848e-03
7.49464544960955908e-03
7.49432501709460918e-03
7.49317209616628260e-03
7.49116384628268229e-03
7.48735613925583052e-03
7.47357496752719050e-03
7.47302560996856210e-03
7.47183774638744084e-03
7.47011601159159374e-03
7.46870648416177781e-03
7.46854382157099549e-03
7.46129818711362743e-03
7.45978553025779777e-03
7.45819696904420713e-03
7.45626057211204191e-03
7.45542403680218412e-03
7.45402879221032568e-03
7.45247977985945276e-03
7.45110517636182572e-03
7.44858406851456323e-03
7.44745228158254224e-03
7.44699928670127138e-03
7.44642659588482057e-03
7.44295762167415664e-03
7.44210484371888442e-03
7.43841311272320539e-03
7.43673866025756480e-03
7.42085811548975297e-03
7.41888763895763061e-03
7.41420646130360773e-03
7.41249493309168589e-03
7.40495230235841718e-03
7.40351122408706985e-03
7.40211998161179746e-03
7.39632318663266917e-03
7.38923551806665996e-03
7.38875232161370979e-03
7.37821745876693965e-03
7.37799332722406317e-03
7.37179508448200082e-03
7.36762263733468144e-03
7.36564459579199578e-03
7.36564223224600578e-03
7.36025459192325704e-03
7.35481813060118780e-03
7.35049938317219962e-03
7.34553600480968450e-03
7.34462305448335337e-03
7.34268876227328095e-03
7.33854882186401290e-03
7.33162987932886503e-03
7.33119048867100949e-03
7.33046219400038720e-03
7.32897778602006368e-03
7.32777555525741635e-03
7.32242976031272346e-03
7.32023533700240994e-03
7.31955099711544682e-03
7.31799340216380840e-03
7.31705619591243011e-03
7.31153303392451191e-03
7.30451857662903041e-03
7.30193849760755586e-03
7.29999564431303444e-03
7.29884894173169103e-03
7.29566516192525598e-03
7.29079513045691532e-03
7.28907195008009559e-03
7.28265007107278036e-03
7.27823591639672075e-03
7.27392032621376576e-03
7.27255954388731241e-03
7.27155828984449651e-03
7.27101504583050739e-03
7.26873785257798905e-03
7.26556470481663948e-03
7.26522345389330696e-03
7.25677052867270550e-03
7.25318325887147619e-03
7.23987198645574016e-03
7.23556575037948967e-03
7.23443609161444120e-03
7.23317541599707240e-03
7.23260053120889247e-03
7.23255055082241017e-03
7.23033047103834644e-03
7.22963396064925466e-03
7.22885352120227441e-03
7.22296369759631730e-03
7.21977809632361189e-03
7.21946407227909513e-03
7.21934939302376708e-03
7.19918966097727979e-03
7.19005205890837357e-03
7.18289339085907003e-03
7.18251083152808209e-03
7.17996870764667488e-03
7.17790137551771630e-03
7.17769362663384439e-03
7.17598761021803928e-03
7.17592201286054200e-03
7.17242112043288589e-03
7.16874264821985765e-03
7.16344889142218628e-03
7.16313969881386941e-03
7.16170942313302823e-03
7.15665419631835841e-03
7.15572429784541979e-03
7.15512755964872738e-03
7.15419413414904604e-03
7.13632407706503522e-03
7.12358871889750677e-03
7.12330187401987933e-03
7.12174585258295960e-03
7.12101536089994151e-03
7.10995189755555309e-03
7.10757579058967845e-03
7.09823418339250098e-03
7.09575315886920317e-03
7.09289792181230349e-03
7.09280679606685838e-03
7.09027742345714508e-03
7.08590100878859260e-03
7.07922929651534465e-03
7.07862480434082175e-03
7.07747032616362192e-03
7.07742167422375883e-03
7.07374945584633708e-03
7.06836786221378376e-03
7.06434174300969459e-03
7.06304881036335340e-03
7.05802733189328860e-03
7.05353878191981604e-03
7.05352751967370812e-03
7.05155139837398449e-03
7.04751313341058210e-03
7.04533353129855548e-03
7.04054974273339920e-03
7.03007939195172613e-03
7.02720182908658265e-03
7.02384418003735352e-03
7.02345738988529797e-03
7.01813822604769461e-03
7.01663694392704127e-03
7.01567046457012792e-03
7.00080501526074116e-03
7.00067283346221710e-03
6.99982411617154979e-03
6.99946616260075684e-03
6.99923476755656866e-03
6.99783447462042942e-03
6.99713453927513877e-03
6.99379770953674051e-03
6.98871801025794954e-03
6.98670688876174700e-03
6.98633269110891190e-03
6.98574378811038423e-03
6.98119964971761955e-03
6.98109212053029445e-03
6.97928933728320187e-03
6.97460892069082326e-03
6.96543283881310461e-03
6.96075426901262510e-03
6.96058019844143522e-03
6.95724507304924453e-03
6.95564826173101797e-03
6.95251161684485620e-03
6.95024232589264851e-03
6.94842135360198340e-03
6.94577290721513484e-03
6.94229148719554753e-03
6.93275976146289375e-03
6.93240657043909126e-03
6.92291021501294061e-03
6.92175250195539021e-03
6.92167372243526671e-03
6.91668787622846861e-03
6.91276646985177542e-03
6.91268604673766964e-03
6.90823962467230178e-03
6.90575644749123318e-03
6.90468533237585582e-03
6.90303544522994500e-03
6.89531571617335842e-03
6.88676012592410406e-03
6.88541181691624659e-03
6.88526217725793453e-03
6.88107929565141656e-03
6.88074011061527453e-03
6.87098931487316669e-03
6.87092053242312727e-03
6.85655036553217256e-03
6.85557625259467993e-03
6.85078431821179671e-03
6.84746926390936757e-03
6.83814797153279707e-03
6.83449681644985631e-03
6.83357270990894716e-03
6.82642251107223094e-03
6.82332056660713265e-03
6.82273994686359748e-03
6.82257878901353868e-03
6.81279495275203748e-03
6.81243852194619772e-03
6.80897502830680058e-03
6.80896320028069862e-03
6.80561075241550850e-03
6.80406384666469924e-03
6.79189212584287161e-03
6.78968032506726497e-03
6.78573165096592237e-03
6.78166496904530642e-03
6.77873142364795837e-03
6.77548733011289466e-03
6.77194214804445818e-03
6.76862608520153661e-03
6.76386066282992898e-03
6.76357088833550064e-03
6.76118326399180285e-03
6.75589480967325653e-03
6.75428601913052266e-03
6.75417654212090435e-03
6.75362954613437788e-03
6.74851904197582009e-03
6.74777189182624183e-03
6.74250393266192724e-03
6.74077077243270817e-03
6.74034417035428591e-03
6.73766190607164549e-03
6.73680816535639649e-03
6.73570681204402767e-03
6.73157524363662742e-03
6.72784201593105459e-03
6.71922362991908984e-03
6.71675889870552902e-03
6.71585895398279543e-03
6.71573018010982944e-03
6.71355856344682013e-03
6.70923454892523221e-03
6.70859092109746171e-03
6.70172615694503062e-03
6.69973292375871440e-03
6.69832007956360116e-03
6.69346985219031101e-03
6.69346587044711370e-03
6.68910777395820971e-03
6.68733746296457272e-03
6.68560290298062139e-03
6.67816048463102437e-03
6.67767425588645415e-03
6.67546628727738820e-03
6.67257759549461701e-03
6.66608938132163143e-03
6.66177951204786813e-03
6.65979071462269312e-03
6.65959458725392996e-03
6.65922342890338213e-03
6.65661678526524407e-03
6.65596759259988284e-03
6.65291433189596666e-03
6.65228318127979862e-03
6.65176515480488898e-03
6.65115459155110611e-03
6.64685481177215709e-03
6.64660695947265952e-03
6.64651456995112196e-03
6.64219148110930992e-03
6.64101118772909057e-03
6.62396701858036091e-03
6.61249153795272823e-03
6.60734815219215718e-03
6.60587788359783684e-03
6.60427058195906403e-03
6.60082471273310337e-03
6.60045616167251759e-03
6.60009950708264140e-03
6.59740936794622757e-03
6.59356997981708822e-03
6.58737584122477682e-03
6.58557376237046011e-03
6.58532434498878844e-03
6.58291611378768356e-03
6.57960483434042159e-03
6.57648970106716486e-03
6.57563099542980960e-03
6.57457051275124951e-03
6.56860645459012883e-03
6.56709431388257086e-03
6.56660997938264372e-03
6.56302998982943343e-03
6.56101218609278676e-03
6.55798613729673911e-03
6.55646439469207212e-03
6.55532901223529821e-03
6.55080939841485525e-03
6.54962073298800355e-03
6.54918925694851235e-03
6.54609820999586811e-03
6.54590277504699548e-03
6.54251564518313136e-03
6.54156201366849419e-03
6.54040036181580825e-03
6.53946716252959762e-03
6.53430336879681165e-03
6.53418797101255628e-03
6.52697585794996798e-03
6.52515622768982517e-03
6.52286166764100197e-03
6.52184758194563740e-03
6.51809842411716581e-03
6.51767672805769142e-03
6.51284000363417260e-03
6.50704188634154256e-03
6.50602005390064561e-03
6.50576137392794383e-03
6.50286238647114750e-03
6.50050380548584505e-03
6.50032777777524023e-03
6.49926272838714965e-03
6.49891216761008372e-03
6.49681905587271100e-03
6.49667996308298228e-03
6.49121337488759841e-03
6.48772135906182986e-03
6.48398614807349765e-03
6.48258912883882110e-03
6.47759668602122980e-03
6.47113690133334710e-03
6.46930700657499889e-03
6.46857299233809420e-03
6.46503775301548664e-03
6.46367786319263990e-03
6.45903538259679118e-03
6.45781021785774879e-03
6.45758177079399850e-03
6.45378456898816535e-03
6.45328784359450354e-03
6.44760018304336036e-03
6.44748705095771896e-03
6.44140116378221460e-03
6.43265462372262856e-03
6.43174426272461516e-03
6.42981243826268225e-03
6.42858608194744278e-03
6.42362242926101164e-03
6.42325193335607607e-03
6.41975841777899393e-03
6.41817878018076295e-03
6.41813323604086602e-03
6.40887069005844235e-03
6.40828870719953401e-03
6.40446385010683475e-03
6.40212356481828677e-03
6.39864701948985020e-03
6.39768752469068065e-03
6.39557065206986571e-03
6.39324314670976484e-03
6.38902765353760449e-03
6.38873575937991701e-03
6.38333469482987425e-03
6.38004336246723609e-03
6.36523062520586488e-03
6.36379803292869573e-03
6.36194938026512103e-03
6.36082971172799005e-03
6.35632926235660083e-03
6.35178407315740209e-03
6.35088191892986889e-03
6.34610453344746240e-03
6.34313568097174055e-03
6.34219290845918198e-03
6.33752161434881969e-03
6.33254245661020020e-03
6.32595618036839707e-03
6.32320413351887631e-03
6.32279053362425677e-03
6.32171069671239299e-03
6.31902490391930433e-03
6.31889592864181854e-03
6.31838210432398260e-03
6.31593759637426051e-03
6.31554617660136375e-03
6.31205912689802168e-03
6.31198172023166894e-03
6.30940546828557755e-03
6.30225513545717205e-03
6.30219936170095790e-03
6.30069282941504976e-03
6.29837790381755809e-03
6.29621936617331956e-03
6.29562123495299060e-03
6.29515209732240712e-03
6.29492412114867912e-03
6.29150129845677634e-03
6.29096726870290342e-03
6.28862011489036716e-03
6.28791376874568257e-03
6.28737119398357653e-03
6.28662807075893500e-03
6.28498542749730740e-03
6.28424250144760024e-03
6.28306884737638537e-03
6.28280678613624220e-03
6.27892498190251325e-03
6.27839524200661959e-03
6.27380674436161471e-03
6.27302242263776989e-03
6.26893527133519802e-03
6.26813784935323793e-03
6.26768317197112096e-03
6.26607124123574645e-03
6.26372808563969898e-03
6.25852209359262657e-03
6.25079077823801656e-03
6.25008187417949463e-03
6.24703149453146624e-03
6.24657730659996038e-03
6.24554382655752305e-03
6.24485646789606393e-03
6.24155687388598668e-03
6.24083761185777273e-03
6.24020816171038523e-03
6.23948594516045719e-03
6.23804996213481958e-03
6.23791421948163578e-03
6.23228950568991118e-03
6.23226616318878299e-03
6.22822713479421683e-03
6.22428510059613166e-03
6.22214190646130233e-03
6.22001409469429434e-03
6.21995859240111280e-03
6.21966960343523379e-03
6.21839932493512167e-03
6.21828414160193518e-03
6.21808739012618458e-03
6.21643010895349662e-03
6.21581477189717992e-03
6.20970882020158588e-03
6.20722584062710810e-03
6.20527665428150226e-03
6.20430149412653457e-03
6.20391037167583766e-03
6.20265632212855991e-03
6.20144446922182846e-03
6.19795914668434290e-03
6.19792148362362065e-03
6.19685753778798261e-03
6.19619840632230998e-03
6.19527144729807751e-03
6.19288730051998845e-03
6.19239500155213240e-03
6.19061840285968848e-03
6.18937892680977621e-03
6.18400161785116840e-03
6.18082649640577103e-03
6.17749487142825807e-03
6.17684808375587591e-03
6.17489587171989041e-03
