3.34081777267916935e-01
2.35001179854845754e-01
2.12182712764774739e-01
2.02767531251955319e-01
1.97544017695370056e-01
1.96947538509927217e-01
1.85735984878014099e-01
1.84543904378855983e-01
1.83730385926595741e-01
1.78363727693742119e-01
1.75289054522958954e-01
1.74752472799406089e-01
1.74000005416637821e-01
1.72946367568129949e-01
1.72446578604147277e-01
1.72425922441070745e-01
1.70139221887339209e-01
1.69704973257102071e-01
1.68952143518432935e-01
1.68552535028773987e-01
1.65298069228074440e-01
1.64384956778502928e-01
1.64184851030496681e-01
1.59571812591181750e-01
1.59483771340687253e-01
1.57575271359129604e-01
1.54634095449934061e-01
1.53437097970203995e-01
1.52490492384422721e-01
1.52406155785287323e-01
1.52095801520182677e-01
1.51377533476951626e-01
1.51208442534817328e-01
1.50671407230071719e-01
1.48964344833719675e-01
1.48376817343034789e-01
1.47700432775893897e-01
1.47116090215404810e-01
1.47028128669031477e-01
1.47004428868721559e-01
1.46669755776843602e-01
1.45473686373620514e-01
1.44594499315370467e-01
1.44257674176550971e-01
1.43522766756895348e-01
1.42457953886719862e-01
1.41625330098848534e-01
1.38177241642464060e-01
1.38170543678893892e-01
1.37747735007436367e-01
1.37612685070706536e-01
1.37493551308839584e-01
1.35221351906787274e-01
1.34931779838002752e-01
1.34750875545509907e-01
1.34749115238477518e-01
1.34409986734668863e-01
1.34304593022709556e-01
1.34244398773193052e-01
1.33847765838954941e-01
1.32224110207528389e-01
1.31952587220797113e-01
1.31742851779408227e-01
1.30166854818845074e-01
1.30131452887215726e-01
1.29440053194117610e-01
1.29378258405330432e-01
1.29144690079599000e-01
1.27614108979281493e-01
1.27478715584064761e-01
1.27002071302153213e-01
1.26545301274767541e-01
1.26318306486490339e-01
1.26137805348804116e-01
1.24285004284786213e-01
1.23375264809572907e-01
1.22528708604937822e-01
1.22361318715849390e-01
1.21634438696863148e-01
1.21111492296131218e-01
1.20991984442158876e-01
1.20782205387243796e-01
1.18229264182345459e-01
1.17529838683584298e-01
1.17235184953453128e-01
1.17009417387747588e-01
1.16927385349927970e-01
1.16848853678725911e-01
1.16514332822741457e-01
1.16505337412006263e-01
1.16079059487444042e-01
1.16076647226409202e-01
1.15911100111123405e-01
1.15448877634404243e-01
1.15101272878411626e-01
1.14939637848878257e-01
1.14856605047916671e-01
1.14450912206876185e-01
1.14124823413555246e-01
1.12745276838621344e-01
1.11429003327710691e-01
1.10312226738498956e-01
1.10242652689527890e-01
1.10220881482623101e-01
1.09753464832233041e-01
1.09206658026860332e-01
1.06136875152344087e-01
1.05372818269735810e-01
1.05370044871997151e-01
1.04693409623919154e-01
1.04527785250194141e-01
1.04296070903032112e-01
1.03221065542133922e-01
1.03153044789060233e-01
1.03005344691981804e-01
1.02760656458430230e-01
1.02635124608111736e-01
1.02229850538267011e-01
1.02006446092947081e-01
1.01820434556580533e-01
1.00729897952622952e-01
1.00677620223258324e-01
1.00000590922602384e-01
9.95935666990549334e-02
9.85513011214249751e-02
9.79262461303052334e-02
9.73210957516227188e-02
9.70673082307848406e-02
9.70626696984419335e-02
9.70311417047124286e-02
9.64770502354660581e-02
9.64112230033392220e-02
9.64011633332643308e-02
9.60718341661489367e-02
9.58435914783342530e-02
9.54583227409618179e-02
9.47650999756460416e-02
9.44809157395587879e-02
9.43844714760253556e-02
9.43685205488587892e-02
9.37297320164836439e-02
9.31485927985318263e-02
9.30425316862339979e-02
9.30381442656087465e-02
9.20156206126040710e-02
9.16815571336615787e-02
9.16278051094679691e-02
9.10480728343442958e-02
9.09129111102572190e-02
9.03542363371945961e-02
9.01240892026690665e-02
8.99431135671656112e-02
8.99420160084248438e-02
8.99005169050047792e-02
8.96891970967016311e-02
8.90983948076511656e-02
8.87456002479735662e-02
8.86103095737736379e-02
8.84027855005237173e-02
8.77582460761679728e-02
8.77259313507641747e-02
8.73577724449356580e-02
8.71617664616271687e-02
8.70708601293936624e-02
8.67670235918560906e-02
8.65365189611772140e-02
8.64661489456533261e-02
8.63853228493249164e-02
8.62366367976284687e-02
8.58840887050708740e-02
8.57150014119786863e-02
8.54449435235355020e-02
8.50684511107125257e-02
8.49512405961464767e-02
8.47580634095844304e-02
8.47191188322740374e-02
8.44045213278838830e-02
8.43354512862492384e-02
8.36785097836488523e-02
8.27609657403187010e-02
8.27123204153203395e-02
8.24494787161690751e-02
8.15342983329422899e-02
8.13258210762783651e-02
8.12485132560588075e-02
8.10401706795978727e-02
8.08328345831488826e-02
8.04999277855143885e-02
8.03663492687005376e-02
7.92385295886940261e-02
7.89166115601138696e-02
7.85555872426291768e-02
7.84597273227247427e-02
7.81928266216340012e-02
7.80301368434030002e-02
7.77985090634517595e-02
7.70373563287042040e-02
7.69000723698797795e-02
7.64414328077744898e-02
7.59963411855555798e-02
7.56702768894774724e-02
7.56700692911260603e-02
7.56355243897503526e-02
7.54840685967836100e-02
7.54828294318434512e-02
7.54064740908132053e-02
7.52953554800247782e-02
7.52791723525410988e-02
7.51581316801165772e-02
7.48727305539552968e-02
7.46099520251444492e-02
7.44837940473602605e-02
7.44176061416124274e-02
7.41955880294799114e-02
7.38938841350742642e-02
7.36668315200387364e-02
7.35627800403446525e-02
7.34151908978674939e-02
7.33685468048214662e-02
7.32719131894096209e-02
7.31101935595123570e-02
7.30876108809234010e-02
7.29378141324595608e-02
7.28334525781677983e-02
7.27319514267918688e-02
7.26313718009843207e-02
7.23775302643245300e-02
7.23379527155461610e-02
7.21898108616411405e-02
7.20023337510951322e-02
7.18171121975174631e-02
7.14838365095247369e-02
7.09601842470681948e-02
7.04646627867334674e-02
7.03771159449509964e-02
7.03462631116639481e-02
7.02960505940938840e-02
7.01241680176390852e-02
6.98586286072523377e-02
6.98284759153079554e-02
6.93639240552009345e-02
6.90853531501521984e-02
6.88661253908303822e-02
6.88342091874697831e-02
6.83671707168752446e-02
6.83530272495481428e-02
6.81694102879015079e-02
6.80990049931465141e-02
6.79505591941901299e-02
6.76612192944833907e-02
6.73320700063458205e-02
6.69604703792620742e-02
6.67191627917189112e-02
6.66937629462591858e-02
6.66468295539281164e-02
6.65195502089783453e-02
6.62884183207136657e-02
6.61120971317867012e-02
6.60931697800937190e-02
6.55498548557955224e-02
6.54601017504149035e-02
6.51910640941410213e-02
6.48668114368192855e-02
6.48061233108806478e-02
6.47433358860516200e-02
6.46700586658537219e-02
6.45947402714649455e-02
6.40215897354177305e-02
6.38256736861062407e-02
6.37603398076816152e-02
6.36952305761423476e-02
6.36229508691616430e-02
6.35533705952275180e-02
6.35391390135176537e-02
6.35282482184529457e-02
6.34673245941811959e-02
6.34434854016588806e-02
6.33928281562042978e-02
6.33452850892896324e-02
6.30464962972694942e-02
6.29525567187829982e-02
6.27517899888061781e-02
6.24833334366244122e-02
6.24164765563676588e-02
6.20763898496511507e-02
6.20175301081861835e-02
6.19818257558231375e-02
6.18854871626411118e-02
6.18463094082657774e-02
6.17831488498715303e-02
6.17066039992473711e-02
6.16921921952597249e-02
6.16721722500592415e-02
6.14903641731824047e-02
6.14132355114895556e-02
6.11194249544214502e-02
6.11049707834305580e-02
6.08860495093862183e-02
6.07756219708520534e-02
6.07631488921618126e-02
6.07552230077174002e-02
6.06067728036403103e-02
6.05918527648173083e-02
6.05389538464733840e-02
6.05318052348994204e-02
6.03358144429825757e-02
6.03264692927603513e-02
6.03174738729103238e-02
6.00598662480447687e-02
5.99534760002259984e-02
5.98772702600352813e-02
5.98541142510625665e-02
5.97977656370953931e-02
5.97923026907519750e-02
5.97257572409603393e-02
5.94507728484760939e-02
5.94481967646891055e-02
5.93921304680529033e-02
5.92722088568579178e-02
5.91644113443542674e-02
5.90763927913801751e-02
5.86267124462981556e-02
5.84545567456289730e-02
5.84360442670963029e-02
5.84327126579070114e-02
5.84268019962182195e-02
5.83908348153908963e-02
5.83795412843687508e-02
5.83637016834379560e-02
5.81573292539688674e-02
5.81140558096738744e-02
5.80870693833845930e-02
5.75900690333979032e-02
5.75753653332511245e-02
5.75663691807452929e-02
5.74141486438825566e-02
5.74132342981235680e-02
5.72655546028544085e-02
5.70874004929910195e-02
5.70608035971858010e-02
5.69528972616180143e-02
5.66590308718809901e-02
5.66372117823580601e-02
5.64827234458612146e-02
5.64086512781814889e-02
5.61291042950855246e-02
5.60547787955465102e-02
5.59249936250880500e-02
5.58136729041192672e-02
5.57937858010028667e-02
5.57749852914619371e-02
5.57705415107089680e-02
5.57545094815555045e-02
5.57188669205746084e-02
5.56213280957963754e-02
5.55212341248068897e-02
5.55146568153932207e-02
5.54212015249419473e-02
5.53705178345666460e-02
5.53697827355164179e-02
5.53348679567257987e-02
5.52314649879072778e-02
5.52148778842055238e-02
5.51907952283163944e-02
5.51266057825925623e-02
5.50823909082533564e-02
5.50075003486124592e-02
5.49291106851576005e-02
5.48786867354832189e-02
5.47801513067337417e-02
5.47576903135216578e-02
5.46958434923602438e-02
5.46942727439179710e-02
5.45204980757255861e-02
5.42702713614453269e-02
5.42517081495658346e-02
5.41938756512443387e-02
5.41371154820385961e-02
5.40960591919203843e-02
5.40593495322764378e-02
5.40570697362214164e-02
5.40545858442567431e-02
5.39786431710127385e-02
5.39297185688317263e-02
5.38662889755322644e-02
5.38097135832762211e-02
5.37919479589528474e-02
5.37884454551776706e-02
5.36688581490881653e-02
5.35932979474552651e-02
5.35049498868143819e-02
5.34786391890037724e-02
5.34738699581038049e-02
5.33595869952125726e-02
5.33278542624338325e-02
5.32645812350875658e-02
5.32131775180904251e-02
5.31727168637086758e-02
5.31605508884319608e-02
5.30366861594829750e-02
5.29227020087598907e-02
5.28779370828029310e-02
5.28433710536871659e-02
5.27516486320984065e-02
5.27235838301427229e-02
5.26729334987811465e-02
5.23760706361859757e-02
5.23707636645464325e-02
5.22858384904750437e-02
5.22266100431471869e-02
5.21579012211989268e-02
5.21277810210189554e-02
5.21187399699048134e-02
5.19723763785206391e-02
5.14006306756071979e-02
5.13838010097002473e-02
5.12726801488334050e-02
5.11958004953622162e-02
5.11819190822981260e-02
5.10757891363882027e-02
5.10390490803151742e-02
5.09972091897500646e-02
5.09822348012457585e-02
5.09607176039953633e-02
5.08416864054970913e-02
5.08402569384692055e-02
5.07359424738299605e-02
5.07335615380058585e-02
5.06867298011805037e-02
5.06847566522001802e-02
5.06672174848193727e-02
5.06658898853653492e-02
5.06197671810989028e-02
5.05624291421843536e-02
5.05217457190576466e-02
5.04939032509033742e-02
5.03007508390398012e-02
5.02922428058369189e-02
5.02297227344577629e-02
5.01749933740177692e-02
5.01438308159444165e-02
5.00705027066559449e-02
4.99969639330266891e-02
4.99468050811439634e-02
4.99415004959776546e-02
4.99266439719805513e-02
4.97451378999196267e-02
4.97277774232030498e-02
4.93950834976813538e-02
4.92410899638379695e-02
4.91528497689831395e-02
4.91240416024215920e-02
4.89684660180187692e-02
4.87255745734165857e-02
4.86767316778973433e-02
4.86709613945043376e-02
4.86143669157611952e-02
4.85937451525695965e-02
4.84973709401177316e-02
4.84649367153540123e-02
4.83132786042838741e-02
4.82149576874571495e-02
4.81670840705052325e-02
4.81379537268973104e-02
4.80611394010323489e-02
4.79350849835074380e-02
4.79014295051081035e-02
4.78451212022586933e-02
4.77579067104113089e-02
4.77299294433796428e-02
4.76574583332035964e-02
4.75821728848976055e-02
4.75715930946408669e-02
4.75109857409826419e-02
4.75047172813003182e-02
4.74839770673505038e-02
4.72540691311280556e-02
4.71960701719635126e-02
4.70018188891136585e-02
4.69301578650993395e-02
4.67488149208314038e-02
4.67067610100962427e-02
4.66858881883622304e-02
4.65892142405685480e-02
4.65075906030173528e-02
4.64816121732912271e-02
4.64219674777655994e-02
4.63483250913899886e-02
4.63198817215330835e-02
4.61821098932698876e-02
4.61556272052559835e-02
4.60827072536535501e-02
4.60781580146185019e-02
4.60527125559248712e-02
4.60440837295040400e-02
4.60349228122457280e-02
4.59975120555861372e-02
4.59843814749319457e-02
4.59292069740724548e-02
4.59112467667026347e-02
4.58942984879316535e-02
4.58229910510209865e-02
4.57731816181911680e-02
4.56257998808140205e-02
4.56240654505617252e-02
4.55655910911505480e-02
4.55542579296306441e-02
4.55069851205595205e-02
4.54777172127651882e-02
4.54688186967203284e-02
4.54583224991616519e-02
4.54018432676219982e-02
4.53748264932492609e-02
4.53616269202689257e-02
4.53539034831882890e-02
4.52549501347102312e-02
4.51619002265759087e-02
4.51611765910626545e-02
4.48351607410231515e-02
4.47908992188005214e-02
4.47756117950182594e-02
4.47576355070449239e-02
4.46540405050298017e-02
4.46102782216830293e-02
4.45873187732692758e-02
4.45503069959406403e-02
4.44434817647946998e-02
4.42674891159781370e-02
4.42669862349804669e-02
4.41447236613793439e-02
4.41178203134894170e-02
4.40638003389929936e-02
4.40369065279916649e-02
4.39988175543898699e-02
4.39895499523139111e-02
4.39131437366302863e-02
4.38356805968053848e-02
4.38114045793749837e-02
4.37781575191141387e-02
4.37400384960974012e-02
4.36886094735792277e-02
4.36535682118216334e-02
4.35414774109529890e-02
4.34913199731492700e-02
4.34041745542524393e-02
4.33985705637345912e-02
4.31998995325407684e-02
4.31620711543575231e-02
4.30696247223659665e-02
4.30066428465021369e-02
4.29562745273447191e-02
4.29184454760379239e-02
4.28783302048535292e-02
4.28612036062541238e-02
4.28535652865419669e-02
4.27627653495446999e-02
4.27238537189332038e-02
4.26484667358168895e-02
4.26102946354525863e-02
4.26039110484701181e-02
4.25514123245963119e-02
4.24002090978568835e-02
4.23759056526344657e-02
4.23628830625180156e-02
4.21673119551386893e-02
4.21433475873551899e-02
4.20526091602650212e-02
4.20060822157461017e-02
4.19940492108657748e-02
4.19375125682916947e-02
4.19340048242814942e-02
4.19041627340143857e-02
4.18785257262927757e-02
4.18749097805783330e-02
4.18568012407302473e-02
4.18464624731353235e-02
4.18387338921836216e-02
4.18207802034876452e-02
4.17862757343277630e-02
4.17007919306051980e-02
4.15859428727571034e-02
4.15825458738055820e-02
4.14542791806758668e-02
4.13850881127980560e-02
4.13121717576187958e-02
4.12796621465149061e-02
4.12521852314981091e-02
4.12099272353843651e-02
4.11822640734116341e-02
4.11620655355288342e-02
4.10850397334630579e-02
4.10700581097401193e-02
4.10421441535958470e-02
4.10418613442326552e-02
4.09641126540015443e-02
4.09034427491106398e-02
4.07954884222512734e-02
4.07795898028506937e-02
4.06521518427837431e-02
4.06492167017569600e-02
4.06386057772052181e-02
4.06169274611825198e-02
4.05343121217127678e-02
4.04802346418164302e-02
4.03211182651746630e-02
4.02233197808385262e-02
4.01946262629115231e-02
4.01806122526920731e-02
4.01106463753492654e-02
4.00977516352519214e-02
4.00636423291357222e-02
4.00014820434789753e-02
3.99984396313480053e-02
3.99783488526025618e-02
3.98404534253234341e-02
3.98288893234871738e-02
3.98151681225902138e-02
3.97855650634101402e-02
3.97551140385199592e-02
3.97460617457292206e-02
3.96272794758518454e-02
3.95817202599138343e-02
3.95386299702428223e-02
3.94976279125134749e-02
3.94615918532719989e-02
3.94153888643886813e-02
3.93955597172895508e-02
3.93698049789482432e-02
3.93691447443747372e-02
3.92916567558164037e-02
3.92391979010017974e-02
3.92240825996284861e-02
3.91810330175083946e-02
3.90595989927101858e-02
3.89816703961380628e-02
3.87931844725896494e-02
3.87174468811972219e-02
3.87151178870237603e-02
3.85899852123328044e-02
3.85564033780826029e-02
3.85337695456758889e-02
3.84839182832817789e-02
3.84803661491811277e-02
3.84163307187292691e-02
3.84101228466101063e-02
3.84056507453269108e-02
3.83678169893630766e-02
3.83614863266742781e-02
3.82854255929861859e-02
3.82805614079113760e-02
3.82486213813206452e-02
3.80985511550038999e-02
3.80846446715666850e-02
3.80563430234418867e-02
3.80275560806112231e-02
3.80111467556943708e-02
3.79788285719064866e-02
3.78021724047082550e-02
3.77980486875786337e-02
3.77779565406328663e-02
3.77672141867854486e-02
3.77505023204489643e-02
3.77161046665389979e-02
3.76838896961165168e-02
3.76447054169790976e-02
3.75599543509591710e-02
3.74982373912010614e-02
3.74059107508339511e-02
3.73801835748084621e-02
3.73629387617024980e-02
3.72503662388103812e-02
3.72059675237787421e-02
3.71936294479782922e-02
3.71355028406652396e-02
3.71336718099016944e-02
3.71172987826741616e-02
3.68904867525376434e-02
3.67982895251314293e-02
3.67742722614791337e-02
3.67589607046867120e-02
3.67018082290477068e-02
3.66485783457155823e-02
3.66326906167481550e-02
3.65904234343426629e-02
3.65620239096967059e-02
3.64444104710760705e-02
3.64306273886043780e-02
3.63895554786861225e-02
3.63887567699601663e-02
3.63707910905126663e-02
3.63609524361510686e-02
3.63526368120174539e-02
3.63008523919980189e-02
3.62774133907942525e-02
3.62690579701983595e-02
3.62522708111419137e-02
3.60748984339926484e-02
3.60511601671508267e-02
3.60345007472002293e-02
3.60145917483227426e-02
3.59760523355960246e-02
3.59606570229007855e-02
3.59281561238675648e-02
3.58741036175243555e-02
3.58724227938446716e-02
3.57629973614809749e-02
3.56582746791210548e-02
3.56151517845727170e-02
3.56110961259076680e-02
3.55810789792783480e-02
3.54895331953645685e-02
3.53812530780669154e-02
3.53147014259066402e-02
3.52599879395371282e-02
3.51858195925583012e-02
3.51772021318975600e-02
3.51030703755685763e-02
3.50267302152483112e-02
3.49534677569173224e-02
3.48981511703674238e-02
3.48509998073298979e-02
3.46734484984627805e-02
3.46445000054878410e-02
3.46369914777906948e-02
3.46311168363572230e-02
3.46112662980542427e-02
3.45353730933272290e-02
3.45090044373730920e-02
3.44991716818388583e-02
3.44233145622545728e-02
3.44151492919290009e-02
3.43965518627234179e-02
3.43796670710468308e-02
3.43531255045153722e-02
3.43521596080512900e-02
3.43396588792062793e-02
3.43307670039513305e-02
3.42898475003482334e-02
3.42625441757301794e-02
3.42521623302561515e-02
3.42034816967800720e-02
3.41335882722752296e-02
3.40361728010413409e-02
3.40054679487479458e-02
3.39577916242739045e-02
3.39403046062923958e-02
3.39290161412926367e-02
3.39110518487335533e-02
3.39085407572253736e-02
3.38363714241979099e-02
3.38338271637742133e-02
3.38003694016001388e-02
3.37934352452315401e-02
3.37666262060157957e-02
3.37596190936123725e-02
3.37451883775655853e-02
3.37434989657008771e-02
3.36623236742629173e-02
3.36310492752072906e-02
3.36168140999030807e-02
3.35803691266402943e-02
3.35743240433941034e-02
3.35742349692954717e-02
3.35644937245896113e-02
3.34404079778082355e-02
3.34403735151003398e-02
3.33299879454466846e-02
3.33042370905298757e-02
3.32956565809919142e-02
3.32225048719814106e-02
3.31935234096921369e-02
3.31226905775621194e-02
3.31196196151968686e-02
3.30430370361416426e-02
3.30121269720602614e-02
3.29786229260152636e-02
3.28577699036779330e-02
3.27696514363670643e-02
3.27428519940778096e-02
3.26781774925671495e-02
3.26729627020647742e-02
3.26575648303639790e-02
3.26393452992226538e-02
3.25917481419125202e-02
3.24839649214644158e-02
3.24509123836663263e-02
3.24368256433447619e-02
3.24174377573682171e-02
3.23988168531986753e-02
3.23670394697162661e-02
3.23382004535789844e-02
3.23237355902358525e-02
3.23228500608553279e-02
3.23113201763545257e-02
3.23084441265499775e-02
3.22412494344076830e-02
3.22026344966862554e-02
3.21238768091356500e-02
3.21231386908148453e-02
3.20887754202828016e-02
3.20722552338697994e-02
3.20580652119998102e-02
3.19954721231979280e-02
3.19743136505505204e-02
3.19417230498640001e-02
3.19013028917578476e-02
3.18998469822396533e-02
3.18891058358576410e-02
3.18684335241350217e-02
3.18141185638128113e-02
3.17747453549169223e-02
3.16545084292235643e-02
3.16440235877759740e-02
3.15819612009495404e-02
3.15577189455559862e-02
3.15347664976383599e-02
3.15208219201720055e-02
3.15103607701456220e-02
3.15030531823835211e-02
3.14902006682945892e-02
3.14518309930251136e-02
3.14218727553173954e-02
3.13950095443038465e-02
3.13901083336449935e-02
3.13625153375920868e-02
3.13567190136069124e-02
3.12876290524084569e-02
3.11793144273883049e-02
3.11547259392322244e-02
3.11427769653419458e-02
3.10642232578880219e-02
3.10575865700341812e-02
3.10380449146707357e-02
3.10102741638120377e-02
3.10078023234800527e-02
3.09934198084978775e-02
3.09576545457327379e-02
3.08881521271679310e-02
3.08320410097160866e-02
3.08253073465057544e-02
3.08162216515723980e-02
3.08060378613554328e-02
3.07619899133243120e-02
3.07540385756585113e-02
3.06654374848925257e-02
3.06278078342804988e-02
3.05468950612993416e-02
3.05407296813465165e-02
3.05321906856058992e-02
3.05277748861483463e-02
3.04959094095560400e-02
3.04897011463669335e-02
3.04829870723601210e-02
3.04647630018562605e-02
3.04481459473245793e-02
3.03469539006187873e-02
3.03366032608957531e-02
3.03172121952134006e-02
3.03000479375694493e-02
3.02717713967423085e-02
3.02301419662462795e-02
3.02123660949400533e-02
3.01508185433643633e-02
3.01346551458982516e-02
3.01120755254867915e-02
3.00776001747561431e-02
2.99693272871028836e-02
2.99218810894098415e-02
2.98589382640051006e-02
2.98172770124160158e-02
2.98168492084503918e-02
2.97749898562683149e-02
2.96865108531550979e-02
2.96713082294551740e-02
2.96469522409744252e-02
2.96052489110653766e-02
2.95744656174924715e-02
2.95610114131730876e-02
2.95228385605942924e-02
2.95042512930043591e-02
2.94925699159204954e-02
2.94719826635888790e-02
2.94564283734451982e-02
2.94532783793729838e-02
2.94489613253007057e-02
2.93739197705788456e-02
2.93725206124128627e-02
2.93424126058966159e-02
2.93172797738130812e-02
2.93155450806102426e-02
2.93071349299747902e-02
2.92942174754908281e-02
2.92898990193909865e-02
2.92855328121481504e-02
2.92612547205470183e-02
2.91851380939603076e-02
2.91796149776069880e-02
2.91609549454306116e-02
2.91491436698993189e-02
2.91384482894570390e-02
2.91004891662514330e-02
2.90562043926205944e-02
2.90263050066624888e-02
2.90010010630234460e-02
2.89092369888782064e-02
2.88655541994406878e-02
2.88325342402989786e-02
2.88140769861295817e-02
2.88009525294133373e-02
2.87380311126332645e-02
2.86866535513653452e-02
2.86772709047785138e-02
2.86446185034892747e-02
2.86064963396123716e-02
2.84407338312173547e-02
2.83938858209386857e-02
2.83792729997647541e-02
2.83465148349339446e-02
2.83438274994112331e-02
2.82981036628349204e-02
2.82313479021103243e-02
2.82217570669450052e-02
2.82117708868234798e-02
2.81931343070397911e-02
2.81872597597660861e-02
2.81735170789096968e-02
2.81637306712159349e-02
2.81229579441668459e-02
2.80963253196143195e-02
2.80889459890327244e-02
2.80610610164830632e-02
2.80590968361327867e-02
2.80515200317639872e-02
2.80063894746974164e-02
2.79298581280917474e-02
2.79227502691367750e-02
2.78927719532959563e-02
2.78668180767440744e-02
2.78609811297332068e-02
2.78512157767647241e-02
2.78502514494698913e-02
2.78441486584193251e-02
2.78435543088472216e-02
2.78283696003922276e-02
2.78153857563208200e-02
2.78109755289110971e-02
2.78044600559181759e-02
2.77979090415861503e-02
2.77632155299680113e-02
2.77274989411929532e-02
2.77046958633666955e-02
2.77001631705808722e-02
2.76842469836223390e-02
2.76460197129832427e-02
2.76450574713282306e-02
2.75965983205091331e-02
2.74909120874445440e-02
2.74753604911446847e-02
2.74603905403839818e-02
2.74587512857500694e-02
2.74286551196383094e-02
2.73197633888318525e-02
2.72806310280256231e-02
2.72795965565469783e-02
2.72671137390126418e-02
2.72580686942516560e-02
2.72482189907973099e-02
2.72339397222002809e-02
2.72301776633198760e-02
2.72097609514852894e-02
2.72076853712825521e-02
2.72057579724598771e-02
2.71920804867599730e-02
2.71656874342255349e-02
2.71487961904204045e-02
2.71406877865561849e-02
2.71187813804997513e-02
2.71138333286136575e-02
2.70934605829715874e-02
2.70817705999635977e-02
2.70266585138475568e-02
2.70082210059072285e-02
2.69429269523944886e-02
2.69377175638199455e-02
2.68584777490083124e-02
2.68541541387069711e-02
2.68288754133039591e-02
2.68049657269433736e-02
2.67946811593110616e-02
2.67096071670293485e-02
2.67010622975018992e-02
2.66899934644129685e-02
2.66713407290152978e-02
2.66423255364608112e-02
2.66301925144954536e-02
2.66167868704908252e-02
2.66021648947796924e-02
2.65830909474170721e-02
2.65732056075519973e-02
2.65620501962010001e-02
2.65500012708117968e-02
2.65447546697475077e-02
2.65349578982339573e-02
2.65272231226660084e-02
2.65156090903834740e-02
2.64650289567366775e-02
2.64580880533180698e-02
2.64399112093825772e-02
2.63921151995371306e-02
2.63913316036721059e-02
2.63523640336204984e-02
2.63484564300709226e-02
2.63096608929727950e-02
2.63014642619250512e-02
2.62992042001263561e-02
2.62917180274115439e-02
2.62776295856101058e-02
2.61827452726676561e-02
2.61726232733809627e-02
2.61711424766644073e-02
2.61647050402427292e-02
2.61115946054360643e-02
2.60824779728891787e-02
2.60822512510226270e-02
2.60074896515666426e-02
2.59949763019262127e-02
2.58882060164040279e-02
2.58765785920828870e-02
2.58538157238241348e-02
2.58436550681677146e-02
2.58421804341562034e-02
2.58382084601510714e-02
2.57228340356708031e-02
2.57077136855278013e-02
2.56783819456028635e-02
2.56736101946285974e-02
2.56606464352694338e-02
2.56384087991508719e-02
2.56198410581265044e-02
2.56186538433070057e-02
2.56172545669300263e-02
2.55326989548684095e-02
2.55186445552738408e-02
2.55012490065878207e-02
2.54979553798623873e-02
2.54852410835973847e-02
2.54535292792121871e-02
2.54459349568016552e-02
2.54342373303333737e-02
2.54288370601026548e-02
2.54221072699976312e-02
2.53544512082954192e-02
2.53285825643396953e-02
2.52828351356972868e-02
2.52507379143158198e-02
2.52214143633038186e-02
2.51920703317323955e-02
2.51834201755737862e-02
2.51773408894983459e-02
2.51254183083986886e-02
2.50917975278307573e-02
2.50635417978886839e-02
2.49708231025753020e-02
2.49467089241351414e-02
2.49333867077662780e-02
2.49289316426997525e-02
2.49207983528862281e-02
2.49099911624283063e-02
2.49075655301653071e-02
2.48458708394450230e-02
2.48319000213955698e-02
2.48240136253141848e-02
2.47922543907641464e-02
2.47916127715071405e-02
2.47831007429871672e-02
2.47810191790580996e-02
2.47652841976514458e-02
2.47593925925861554e-02
2.47577887071146717e-02
2.47548069460983497e-02
2.47451723055231720e-02
2.47307153403886655e-02
2.46812799594955112e-02
2.46700279673761694e-02
2.46418389186910773e-02
2.46418322281260170e-02
2.46265674480044411e-02
2.46125264382652739e-02
2.45616162340296790e-02
2.45533357650778335e-02
2.45349166225337402e-02
2.45004125962804478e-02
2.44951643293436945e-02
2.44665040899567504e-02
2.44566082748570203e-02
2.44429294146669765e-02
2.44363524874449053e-02
2.43942459125650705e-02
2.43921327232151375e-02
2.43905845110566240e-02
2.43865038976753892e-02
2.43734568858363955e-02
2.43688807032104923e-02
2.43467071593046099e-02
2.43090272643140121e-02
2.42984192186760442e-02
2.42270196981064431e-02
2.42167601187454479e-02
2.42138445540439236e-02
2.41863027012706247e-02
2.41806255157261257e-02
2.41369254026678852e-02
2.41151720253023338e-02
2.40751400484777757e-02
2.40717837322176609e-02
2.40536865443680102e-02
2.40078851351986956e-02
2.39921485779805189e-02
2.39871901738542906e-02
2.39771449197225713e-02
2.39756110439000719e-02
2.39525975019379694e-02
2.39418142873733218e-02
2.39063751790815418e-02
2.38695188296771874e-02
2.38651509635922875e-02
2.38221729769570560e-02
2.37791391020803454e-02
2.37753719590300013e-02
2.37712090244324228e-02
2.37645393367038951e-02
2.37508961855697129e-02
2.37468922029680819e-02
2.37092449672667363e-02
2.37066739796074170e-02
2.37063739079397262e-02
2.36970364925063424e-02
2.36649036770024759e-02
2.36526192659220723e-02
2.36448247711137406e-02
2.36338846047821384e-02
2.35774730921010957e-02
2.35763295829334446e-02
2.35420417060383941e-02
2.34945786338374395e-02
2.34792340756539743e-02
2.34734788255685674e-02
2.34648624264540001e-02
2.34510419051380120e-02
2.33924507098313278e-02
2.33419056973152052e-02
2.33301359041320280e-02
2.32955412101492065e-02
2.32871291687392137e-02
2.32653259602670949e-02
2.32372390347070287e-02
2.32298162080638096e-02
2.31959610447302032e-02
2.31923912611871862e-02
2.31571067658112757e-02
2.31113192225820829e-02
2.30796965830654816e-02
2.30605703882096891e-02
2.30572701438016316e-02
2.30461570342043662e-02
2.30456184518745832e-02
2.30318152994915433e-02
2.30297586879229001e-02
2.29956657315582742e-02
2.29841060333623032e-02
2.29613192197471137e-02
2.29419579509050377e-02
2.29343427216692174e-02
2.29254728449193070e-02
2.29143162910819334e-02
2.29137708408414173e-02
2.28751332872271056e-02
2.28385360029811114e-02
2.28095337626750862e-02
2.27961917171035366e-02
2.27879873108993054e-02
2.27876205469537269e-02
2.27450807610096901e-02
2.27267770831651693e-02
2.27121531488379547e-02
2.27061785308548224e-02
2.26861895034485977e-02
2.26725014509248472e-02
2.26657208515459140e-02
2.26580450187326803e-02
2.26159878690124425e-02
2.25963394571486384e-02
2.25835241768698042e-02
2.25681152663051651e-02
2.25677405652961703e-02
2.25637795033331659e-02
2.25495842881825101e-02
2.25397157405207785e-02
2.25229960379759626e-02
2.25164570867990577e-02
2.24826341766516564e-02
2.24765465429345654e-02
2.24364885974043526e-02
2.24364353269229724e-02
2.24187219881759048e-02
2.23865459783359859e-02
2.23771533822071933e-02
2.23605532088899002e-02
2.23552679625533893e-02
2.23519092206383233e-02
2.23384740340397021e-02
2.23109562978737637e-02
2.22657461296163033e-02
2.22458671232024854e-02
2.22012046515939337e-02
2.21778553448151450e-02
2.21758821806045878e-02
2.21628364595127317e-02
2.21535449046656695e-02
2.21388983583958102e-02
2.21196801584182777e-02
2.21176111472354137e-02
2.21078443596795723e-02
2.20970050787212685e-02
2.20963353726071274e-02
2.20822200737837045e-02
2.20785802134708595e-02
2.20724737163584331e-02
2.20450729712497184e-02
2.20437109452468506e-02
2.20287326894673084e-02
2.20239725172377207e-02
2.20113256014659239e-02
2.19918159063698868e-02
2.19658337458063409e-02
2.19396102230931603e-02
2.19388412605184269e-02
2.19282135704147139e-02
2.19187554864707854e-02
2.18894533337944362e-02
2.18869779404574465e-02
2.18863159504271189e-02
2.18719686351603639e-02
2.18691582019069075e-02
2.18556437184543109e-02
2.18270124158299814e-02
2.18079258128799323e-02
2.18009944937318893e-02
2.17881411731467821e-02
2.17854503465123549e-02
2.17800896799014154e-02
2.17332662822432160e-02
2.17124416994419027e-02
2.16786893505494273e-02
2.16703837101896064e-02
2.16246292299840902e-02
2.15907055004706319e-02
2.15902213394116270e-02
2.15485222636265655e-02
2.15265004259747247e-02
2.14626519224096722e-02
2.14027756049055135e-02
2.13954552624676005e-02
2.13942786392543015e-02
2.13732399494029543e-02
2.13571308302593840e-02
2.13504558296368531e-02
2.13235887076497974e-02
2.13140329681035523e-02
2.13047820135118041e-02
2.13038994662753597e-02
2.12749874654624277e-02
2.12747936281385691e-02
2.12721650764600388e-02
2.12593051857186133e-02
2.12568657214665321e-02
2.12443895334278841e-02
2.12360822055309741e-02
2.12291121627302508e-02
2.11596992147991547e-02
2.11373996732934048e-02
2.11362450433679461e-02
2.11310835192590543e-02
2.10250684089929793e-02
2.10161069662666844e-02
2.10119189680246163e-02
2.09967316912804750e-02
2.09872873899044909e-02
2.09826204960951272e-02
2.09626420056765635e-02
2.09430879596908676e-02
2.09357554202769247e-02
2.08897489075864536e-02
2.08853483105445534e-02
2.08459447533566218e-02
2.08451531367662909e-02
2.08300522028916461e-02
2.08270497009653589e-02
2.08264222052341394e-02
2.08259190376308308e-02
2.07885676354286966e-02
2.07878568608884304e-02
2.07828423357074785e-02
2.07412506901908447e-02
2.07355971415628532e-02
2.07330128073845085e-02
2.06580395520234474e-02
2.06334000293226308e-02
2.06080568445865704e-02
2.05751998467057842e-02
2.05536153631978268e-02
2.05497361820868620e-02
2.05450818993124368e-02
2.05450637033849949e-02
2.05309671428811520e-02
2.05228652553757010e-02
2.05187992762833026e-02
2.05070994952707732e-02
2.04817339347779029e-02
2.04326170864818392e-02
2.03945873308675196e-02
2.03751756548144480e-02
2.03595384928739291e-02
2.03373260962662374e-02
2.03258628270102694e-02
2.03180083408631383e-02
2.03179420336419732e-02
2.03146710398294170e-02
2.03071430896618645e-02
2.02867128602788327e-02
2.02696639104376873e-02
2.02568466100135208e-02
2.02528005692534929e-02
2.02431333563611419e-02
2.02387158283645376e-02
2.02236988461919620e-02
2.02215276822666663e-02
2.02190714008567522e-02
2.01385110459558758e-02
2.00881997319616902e-02
2.00849388276303567e-02
2.00747451799240910e-02
2.00535742064540980e-02
2.00516362935918811e-02
2.00412234575583978e-02
2.00215460440610511e-02
2.00176526543559691e-02
1.99175449787569597e-02
1.99044958451180566e-02
1.98925287276691190e-02
1.98900989112570821e-02
1.98881037456236781e-02
1.98859560213502234e-02
1.98722107343840236e-02
1.98490419883099144e-02
1.98166137311604450e-02
1.97840476911538381e-02
1.97785578053065181e-02
1.97645803128793651e-02
1.97641918458189257e-02
1.97576439305735437e-02
1.97476534577212086e-02
1.97410648741876658e-02
1.97273631806242009e-02
1.97273388202392035e-02
1.97020877747829219e-02
1.96928963135879764e-02
1.96865170096245795e-02
1.96788491316877284e-02
1.95988048399293215e-02
1.95916544102067956e-02
1.95879204253278025e-02
1.95739503880748324e-02
1.95673204425955601e-02
1.95603049588723883e-02
1.95540530661681422e-02
1.95406493797561261e-02
1.95376884007013758e-02
1.95342626229270781e-02
1.95244517650272759e-02
1.95230194379366825e-02
1.95224185277838996e-02
1.95144990037879953e-02
1.94928226865297219e-02
1.94881671416117473e-02
1.94870163320918707e-02
1.94855988191866419e-02
1.94707670191119273e-02
1.94175915344799825e-02
1.94058777672032057e-02
1.93488435143412407e-02
1.93047482859230769e-02
1.92538213084992096e-02
1.92279956314179643e-02
1.92189203447079571e-02
1.91947836760613562e-02
1.91824060441133544e-02
1.91771046222420222e-02
1.91706170742692132e-02
1.91697385274674122e-02
1.91567406834181816e-02
1.91359626297678311e-02
1.90975558265272100e-02
1.90884863097115880e-02
1.90654542078652380e-02
1.90508598039056815e-02
1.90454501405896599e-02
1.90365555483036422e-02
1.90341908468747434e-02
1.90329294400111565e-02
1.90199871902577977e-02
1.90132571380661614e-02
1.90078050247031137e-02
1.90054011129707351e-02
1.89956781015530492e-02
1.89909676446262804e-02
1.89887673033707106e-02
1.89873505727528001e-02
1.89782567836160460e-02
1.89752018379361100e-02
1.89665839333911443e-02
1.89589007658610455e-02
1.89535381629170017e-02
1.89505975503559652e-02
1.89495214580696104e-02
1.89380673639388541e-02
1.89241347057288838e-02
1.88874666804643501e-02
1.88601573228373495e-02
1.88555337568843025e-02
1.88547189889923632e-02
1.88518785472524333e-02
1.88358502365318647e-02
1.87911257635896591e-02
1.87901057357582335e-02
1.87847428665636820e-02
1.87741794713671764e-02
1.87573425759653932e-02
1.87462312858967771e-02
1.87457146121360121e-02
1.87222628982466124e-02
1.87064633245731769e-02
1.86880026778204443e-02
1.86834623715913875e-02
1.86705295631072084e-02
1.86584600422660431e-02
1.86478656851942065e-02
1.86455720198376029e-02
1.86441722571454131e-02
1.86350298735028889e-02
1.86115827948807114e-02
1.85803239459328105e-02
1.85782759535001972e-02
1.85714600918461467e-02
1.85502920676860229e-02
1.85202272930395755e-02
1.85162389541739213e-02
1.84987470921900189e-02
1.84675427024400228e-02
1.84653672440585614e-02
1.84549536483371197e-02
1.84388300525203039e-02
1.84356660496326173e-02
1.83989118590056379e-02
1.83731835308883693e-02
1.83528186270002641e-02
1.83359451006938137e-02
1.83328678581238802e-02
1.82470233173312076e-02
1.82436634936697407e-02
1.82394775650639752e-02
1.82318958856214838e-02
1.82112910049354836e-02
1.82066024592238349e-02
1.82000667540927717e-02
1.81758189041022061e-02
1.81593216482393675e-02
1.81443522625590534e-02
1.81290602848664835e-02
1.81240140310051576e-02
1.80896163758067496e-02
1.80841979929864914e-02
1.80828974201621626e-02
1.80786459226371064e-02
1.80542857670805169e-02
1.80121853120756015e-02
1.80048007595268005e-02
1.79994448591564993e-02
1.79905231915472794e-02
1.79865403461664519e-02
1.79213691306385307e-02
1.79189891470944579e-02
1.79133986375817761e-02
1.79091114264880377e-02
1.78991000455591028e-02
1.78842469878629298e-02
1.78758102386848833e-02
1.78755702462709484e-02
1.78442701113952149e-02
1.78378584660690079e-02
1.78247406610596917e-02
1.78200713274125414e-02
1.78188050217360575e-02
1.78129170526769715e-02
1.77732386502766904e-02
1.77729625677423356e-02
1.77680919337441928e-02
1.77676244357027335e-02
1.77503840468217801e-02
1.77482488064560733e-02
1.77303635668931044e-02
1.77271099224594227e-02
1.77161984471371596e-02
1.77133489238625180e-02
1.77060108553660465e-02
1.76983338551138583e-02
1.76921843384235944e-02
1.76740908679380894e-02
1.76479667523811168e-02
1.76426484300665973e-02
1.76304261472697149e-02
1.76129947972089827e-02
1.76102364790080082e-02
1.75782591949181326e-02
1.75688073146345880e-02
1.75661034287158090e-02
1.75659710636904935e-02
1.75464962662369474e-02
1.75440161067660569e-02
1.75428199020752108e-02
1.75369327520527862e-02
1.75316914181192010e-02
1.75211259727728087e-02
1.75109876283037029e-02
1.75062956524665268e-02
1.75041374802971141e-02
1.75004700143786100e-02
1.74936921914378984e-02
1.74870039853379164e-02
1.74819189574485397e-02
1.74763112253431240e-02
1.74700107097056044e-02
1.74666738302496731e-02
1.74553598322100371e-02
1.74521542798273498e-02
1.74378898795867210e-02
1.74261772927564763e-02
1.74221340323627849e-02
1.74006724420585727e-02
1.73794096498995493e-02
1.73753363877348251e-02
1.73616871487306638e-02
1.73550217727480097e-02
1.73461553737407626e-02
1.73287859184055835e-02
1.73283622482089568e-02
1.73129083656985185e-02
1.73003370341285219e-02
1.72834973913192427e-02
1.72716429352624233e-02
1.72616787546766258e-02
1.72558132081239851e-02
1.72381770558933597e-02
1.72256939336776875e-02
1.72105431147566677e-02
1.71549837971755534e-02
1.71389563006986538e-02
1.71301707246649185e-02
1.71044285159788062e-02
1.70965594957976086e-02
1.70895018457676434e-02
1.70885135194140565e-02
1.70813881246109703e-02
1.70772972244265138e-02
1.70771512763485886e-02
1.70763874890111772e-02
1.70553518286842565e-02
1.70327487879983579e-02
1.70189492673534469e-02
1.70141956047174144e-02
1.70086646717918302e-02
1.70013716524612460e-02
1.69970977022361469e-02
1.69826312962177151e-02
1.69769788804663528e-02
1.69749176941281221e-02
1.69744964554196485e-02
1.69691796031290337e-02
1.69679943699139781e-02
1.69658141959259240e-02
1.69576178929930696e-02
1.69560213405930173e-02
1.69452642811218808e-02
1.69283073484160114e-02
1.69242766370729207e-02
1.69174481757386093e-02
1.69063913801049889e-02
1.69002464926694788e-02
1.68942895722581851e-02
1.68847386632692206e-02
1.68634178867950735e-02
1.68445729431143179e-02
1.68346183063579381e-02
1.68249458160549085e-02
1.68222902159723374e-02
1.68221963071843693e-02
1.68208509818308614e-02
1.67849822030652386e-02
1.67833329614052174e-02
1.67549660661916872e-02
1.67540358625615782e-02
1.67281935628672482e-02
1.66998156882418036e-02
1.66865144302582383e-02
1.66733255158492064e-02
1.66608688943252758e-02
1.66480292332380660e-02
1.66403878245003599e-02
1.66307101403594219e-02
1.66223060920992760e-02
1.66163534370120242e-02
1.66107550333512606e-02
1.66044394421888016e-02
1.65959164467352552e-02
1.65212086198872690e-02
1.65200945837537493e-02
1.65020749243364462e-02
1.64835357510698943e-02
1.64765727012187724e-02
1.64654034185014592e-02
1.64650672548595327e-02
1.64618944676085954e-02
1.64528214286956305e-02
1.64491849371499535e-02
1.64439387504776817e-02
1.64428100448269776e-02
1.64415555375223808e-02
1.64320506996721676e-02
1.64225424405325740e-02
1.63553862122581620e-02
1.63536197434182122e-02
1.63380516775323177e-02
1.63187766033687162e-02
1.62993338215763686e-02
1.62863824597533693e-02
1.62860412940409975e-02
1.62736512523465639e-02
1.62703594978082372e-02
1.62674227859964868e-02
1.62461459621466887e-02
1.62191220893547795e-02
1.62162631080805045e-02
1.62020892021502126e-02
1.61992282870744506e-02
1.61662309750145450e-02
1.61566340712112240e-02
1.61457289423346008e-02
1.61445114958580181e-02
1.61412810785155798e-02
1.61257614830202858e-02
1.61236330039720016e-02
1.61151506439727241e-02
1.61061692836842602e-02
1.60856833554020584e-02
1.60589394339403363e-02
1.60493705930604656e-02
1.60367864353209710e-02
1.60253563840861250e-02
1.60195257114423562e-02
1.60163523239729190e-02
1.60143495822510293e-02
1.59858084656226626e-02
1.59816814358269936e-02
1.59705692092042065e-02
1.59634183495641555e-02
1.59616450822800092e-02
1.59475892925683427e-02
1.59368236779830509e-02
1.59196864554018470e-02
1.59013347773516167e-02
1.58973359556876873e-02
1.58789471240512250e-02
1.58559162817620974e-02
1.58432929874585508e-02
1.58392965844727125e-02
1.58234196143557278e-02
1.58149786915290289e-02
1.58067900273347918e-02
1.57926438761756896e-02
1.57843144962765830e-02
1.57645539025895419e-02
1.57634520779745720e-02
1.57633203169985463e-02
1.57619209905252022e-02
1.57477732594778555e-02
1.57429521914791010e-02
1.57295976289179643e-02
1.57172927012414511e-02
1.57125781203220315e-02
1.57093455446034036e-02
1.56966004462668167e-02
1.56894311083725681e-02
1.56858033184952179e-02
1.56782839014024331e-02
1.56737417007413761e-02
1.56417143904676349e-02
1.56387567416668045e-02
1.56299577585527101e-02
1.56283155147220396e-02
1.56267938558580233e-02
1.56075469275250480e-02
1.55960516207327114e-02
1.55908485051901788e-02
1.55904088253655433e-02
1.55786737076806809e-02
1.55651523854201251e-02
1.55539873197596927e-02
1.55435047983546078e-02
1.55370844101799487e-02
1.55222446533692833e-02
1.55177128495740599e-02
1.55163671124025696e-02
1.55099743249826477e-02
1.54950410510587538e-02
1.54931909031653815e-02
1.54893639333304450e-02
1.54803980165879942e-02
1.54769923650851082e-02
1.54709660031310172e-02
1.54633156882884228e-02
1.54593091985423189e-02
1.54500420283268294e-02
1.54458600276391918e-02
1.54441441722165968e-02
1.54427176473177635e-02
1.54325345900876050e-02
1.54248603295383171e-02
1.54150653518959849e-02
1.54108685969882621e-02
1.53980881937041993e-02
1.53796190178376122e-02
1.53538744527779401e-02
1.53535756984332378e-02
1.53223134007897232e-02
1.53187809309644797e-02
1.53006263189424205e-02
1.52942874916781758e-02
1.52626642603868636e-02
1.52568964555670934e-02
1.52564481513357518e-02
1.52531560218688803e-02
1.52506602168915491e-02
1.52367833143320381e-02
1.52338195830707245e-02
1.52178220604503884e-02
1.52078266744024061e-02
1.52003008983868839e-02
1.51926611777617616e-02
1.51864278942982801e-02
1.51856593820381084e-02
1.51782681182136680e-02
1.51702992136292930e-02
1.51681274953226163e-02
1.51564438540690780e-02
1.51266542561687232e-02
1.51177466758638836e-02
1.51152283594569656e-02
1.51115085527675636e-02
1.51114866301349324e-02
1.51009709913466836e-02
1.50952620790737353e-02
1.50912013225373599e-02
1.50866012256149935e-02
1.50801609583439949e-02
1.50714827750117047e-02
1.50682049670807922e-02
1.50547889557955290e-02
1.50521384224118811e-02
1.50445579859747342e-02
1.50313931850077995e-02
1.50257700358460127e-02
1.50250901601054806e-02
1.50151388006608717e-02
1.50136718870881487e-02
1.49918912837163441e-02
1.49846665178280970e-02
1.49819370557268631e-02
1.49563641983255398e-02
1.49494566244036172e-02
1.49421981401441327e-02
1.49385510269534772e-02
1.49292496014256787e-02
1.49224856549712952e-02
1.49129475214511593e-02
1.49125104178260050e-02
1.49105547823409363e-02
1.49045666226011661e-02
1.49045113496639736e-02
1.48780276618912608e-02
1.48708419472219130e-02
1.48601949021951330e-02
1.48594786444571896e-02
1.48580217688847136e-02
1.48246198424028600e-02
1.48232063084924350e-02
1.48134287348468032e-02
1.48039043897375423e-02
1.48022366249933868e-02
1.48005734056648533e-02
1.47858139975166666e-02
1.47662301198103682e-02
1.47569315720945116e-02
1.47535234426742750e-02
1.47445814829118699e-02
1.47433732494411732e-02
1.47341290245529243e-02
1.47332790740750258e-02
1.46870289449194166e-02
1.46820946987732629e-02
1.46713721516445149e-02
1.46626445687763791e-02
1.46423574076368357e-02
1.46403871988621224e-02
1.46342733437484235e-02
1.46314630043737938e-02
1.46240300905833998e-02
1.46186739565851275e-02
1.46132249396043069e-02
1.45933641182217876e-02
1.45867582441425291e-02
1.45827351527145817e-02
1.45696869725900069e-02
1.45619805013494502e-02
1.45523523263535026e-02
1.45493829191452786e-02
1.45407152199167177e-02
1.45297953400478387e-02
1.45271655337690722e-02
1.45182099342891988e-02
1.44999158061556218e-02
1.44978704159838250e-02
1.44884362910211971e-02
1.44761872175251174e-02
1.44600540275157587e-02
1.44599934041730171e-02
1.44406455810808729e-02
1.44405298726674996e-02
1.44331069887061250e-02
1.44264836758309020e-02
1.44244014362025150e-02
1.44028760962018540e-02
1.44008229929470186e-02
1.44004872600464184e-02
1.43879787409131356e-02
1.43845433977869853e-02
1.43686997699791277e-02
1.43626938668044643e-02
1.43591260360511740e-02
1.43420463136640555e-02
1.43353081083265246e-02
1.43277893885255803e-02
1.43268766455773525e-02
1.43098103060010935e-02
1.43091830997641566e-02
1.43085465158000226e-02
1.43059999293201831e-02
1.43045567290395383e-02
1.43043837453827819e-02
1.43010036703847508e-02
1.42968734599514986e-02
1.42878444871687785e-02
1.42773325598232418e-02
1.42690714532263778e-02
1.42689321953907901e-02
1.42682770948849239e-02
1.42631837203351392e-02
1.42595431475996577e-02
1.42475662812101798e-02
1.42440954125393031e-02
1.42316129080374588e-02
1.42310729787997609e-02
1.42290664044530026e-02
1.42188166852985805e-02
1.42147030217377995e-02
1.42048001941504735e-02
1.41937481070448165e-02
1.41854888771631837e-02
1.41832329657504818e-02
1.41707938728207247e-02
1.41599307978069362e-02
1.41550358883524279e-02
1.41523733138286204e-02
1.41498847643274240e-02
1.41299621402039902e-02
1.41279376631220505e-02
1.41219902687616580e-02
1.40864160771264832e-02
1.40804348439964450e-02
1.40716265830362272e-02
1.40669264066616562e-02
1.40610607194206205e-02
1.40530334742145057e-02
1.40518343878785184e-02
1.40491165493694652e-02
1.40413405803092913e-02
1.40403544055371955e-02
1.40378729164385326e-02
1.40357716124029416e-02
1.40339830207625946e-02
1.40306071068823507e-02
1.40243045484621624e-02
1.40178028581980849e-02
1.40173989833848028e-02
1.40152822293859881e-02
1.40019783045709570e-02
1.39919827390015822e-02
1.39914046515887402e-02
1.39763449312786097e-02
1.39740697469909192e-02
1.39682902594605932e-02
1.39633593918045765e-02
1.39582866101863792e-02
1.39545461314248397e-02
1.39430792106978816e-02
1.39428312093286752e-02
1.39385002493749317e-02
1.39382132109009665e-02
1.39265458344062839e-02
1.39218555349860489e-02
1.39097557317578689e-02
1.39096298490355708e-02
1.39040541717064484e-02
1.38859007254727718e-02
1.38742682149618733e-02
1.38706668000683851e-02
1.38486554633773830e-02
1.38371135766686276e-02
1.38153576751102805e-02
1.38071839038412091e-02
1.38064903429007488e-02
1.37904153465556248e-02
1.37873302759436520e-02
1.37568895497866672e-02
1.37452001899195306e-02
1.37373731741478877e-02
1.37368432051251533e-02
1.37320172199691150e-02
1.37242456982996277e-02
1.37067235929906519e-02
1.36998399506855859e-02
1.36939887467836460e-02
1.36855072882969431e-02
1.36754236923208577e-02
1.36699863236144289e-02
1.36615706316890687e-02
1.36578478495872208e-02
1.36552506294651665e-02
1.36455707122188734e-02
1.36438458480362679e-02
1.36422158803438404e-02
1.36349630695946702e-02
1.36348391180751011e-02
1.36332430706612960e-02
1.36272320348020878e-02
1.36214509016896745e-02
1.36207131653653165e-02
1.36056466658794496e-02
1.35884364410449668e-02
1.35840862754579173e-02
1.35817132281571586e-02
1.35780472283909340e-02
1.35748730503375756e-02
1.35664618635037652e-02
1.35632734988296779e-02
1.35604839361208023e-02
1.35503453278230709e-02
1.35480219297470974e-02
1.35421709827204112e-02
1.35358447387128270e-02
1.35347349195337457e-02
1.35316832407992600e-02
1.35235483036787330e-02
1.35186890087574760e-02
1.35177047391954273e-02
1.35111018988690358e-02
1.34944629770310069e-02
1.34889889963531982e-02
1.34752839976164090e-02
1.34697524046574237e-02
1.34666755082454986e-02
1.34537970517181141e-02
1.34477767736731601e-02
1.34338932255358874e-02
1.34333786085464296e-02
1.34289222026541741e-02
1.34258132835938151e-02
1.34221848224667355e-02
1.34115579684986400e-02
1.34023678650386779e-02
1.33937714100557763e-02
1.33917363415601183e-02
1.33916419450967137e-02
1.33849040722674190e-02
1.33735187697238307e-02
1.33702554526142856e-02
1.33682560467565451e-02
1.33589483127392813e-02
1.33558388719144973e-02
1.33528994047155229e-02
1.33436109037900884e-02
1.33358138572174240e-02
1.33311030141528286e-02
1.33279996821205095e-02
1.33269727083019530e-02
1.33257853184776624e-02
1.33047121454298277e-02
1.33031028421921847e-02
1.32953494525163297e-02
1.32941150592772311e-02
1.32940911567248285e-02
1.32902290170700994e-02
1.32894321132022136e-02
1.32870645214764396e-02
1.32773412130905155e-02
1.32743910766130891e-02
1.32735449420749389e-02
1.32647009008322169e-02
1.32636141689372513e-02
1.32616185273225183e-02
1.32601058130739618e-02
1.32545980544693832e-02
1.32538982160402396e-02
1.32296673368070671e-02
1.32289296116953944e-02
1.32280087063950617e-02
1.32143641123065696e-02
1.32091497769528648e-02
1.32078733415611944e-02
1.31899846585352490e-02
1.31717132859225112e-02
1.31654551063368919e-02
1.31607161304034236e-02
1.31569022264185521e-02
1.31557153387380846e-02
1.31487368852265338e-02
1.31486099894664969e-02
1.31352472984595185e-02
1.30992321925127286e-02
1.30966526042231284e-02
1.30919460735662747e-02
1.30883719993163481e-02
1.30868279824901609e-02
1.30758024792908389e-02
1.30651008608954153e-02
1.30425681590875669e-02
1.30312262562282347e-02
1.30264181499041738e-02
1.30216752336046234e-02
1.30081218025321754e-02
1.30073501585892311e-02
1.30018447797747780e-02
1.29912478367832616e-02
1.29755848959999445e-02
1.29654844228943040e-02
1.29649508505779599e-02
1.29559574154668872e-02
1.29401735086607898e-02
1.29177626382114101e-02
1.29145325389080339e-02
1.29129303155019713e-02
1.29078520384132093e-02
1.29043708631972221e-02
1.28896122451810091e-02
1.28881371306481043e-02
1.28868043561004425e-02
1.28861666383182517e-02
1.28730179812565470e-02
1.28701670119540368e-02
1.28701274583939776e-02
1.28684662605486576e-02
1.28608639753253068e-02
1.28477234013372431e-02
1.28449914950155911e-02
1.28398277025825753e-02
1.28255145186449791e-02
1.28126397489238698e-02
1.28115178430699122e-02
1.28105976924357805e-02
1.28071621303984459e-02
1.28056481589664851e-02
1.28036149817635052e-02
1.28018376812915023e-02
1.28003625412461495e-02
1.28001105975652108e-02
1.27979544898805427e-02
1.27945062249412156e-02
1.27918804317571529e-02
1.27814737662218826e-02
1.27800201889754043e-02
1.27652526228540005e-02
1.27651608641455635e-02
1.27563892350828680e-02
1.27450247842236363e-02
1.27315197776417602e-02
1.27147929828933769e-02
1.27143787462482283e-02
1.27093546688698683e-02
1.27087414743387809e-02
1.27013149526802073e-02
1.26999164877928603e-02
1.26980494837886579e-02
1.26976477738406802e-02
1.26964266278600368e-02
1.26934843158438282e-02
1.26818348730910625e-02
1.26817017229556833e-02
1.26659562464636576e-02
1.26519962191911119e-02
1.26493100649884317e-02
1.26485013662155383e-02
1.26467437575400795e-02
1.26392919265892224e-02
1.26352789902841496e-02
1.26211201190262832e-02
1.26110267352291840e-02
1.26103540939917335e-02
1.26058126102695442e-02
1.26017129172731005e-02
1.25992399599283988e-02
1.25969988055549438e-02
1.25750898768146671e-02
1.25749894932009176e-02
1.25646671026394124e-02
1.25554246190221815e-02
1.25512736491665122e-02
1.25489186967395177e-02
1.25448857054750538e-02
1.25407016583908900e-02
1.25403481501338791e-02
1.25400044186298604e-02
1.25373519850839263e-02
1.25356354879925386e-02
1.25318848960244630e-02
1.25259692635470900e-02
1.25013116593097936e-02
1.24985075344283166e-02
1.24983034765569056e-02
1.24910881098989034e-02
1.24889109386540648e-02
1.24774355120505949e-02
1.24577301835584135e-02
1.24565689258295358e-02
1.24565397024303439e-02
1.24496265063903048e-02
1.24492394151178992e-02
1.24410921538671004e-02
1.24378438306170219e-02
1.24340870047826031e-02
1.24280726257097358e-02
1.24241822855544436e-02
1.24213858019705560e-02
1.24023331351972941e-02
1.24017332824120415e-02
1.23961507481738543e-02
1.23951986729738846e-02
1.23924670463368674e-02
1.23841201544963621e-02
1.23469880288815358e-02
1.23468641057805101e-02
1.23425644059965266e-02
1.23416743673173106e-02
1.23346670634419606e-02
1.23245576580384882e-02
1.23220797993283983e-02
1.23085372184497718e-02
1.23049259836017309e-02
1.23005602192386935e-02
1.22963955067060555e-02
1.22917949206812274e-02
1.22889182728892592e-02
1.22792140588022548e-02
1.22717766938962736e-02
1.22710749848427558e-02
1.22591138826795756e-02
1.22549789938996845e-02
1.22488932015936396e-02
1.22456950691438408e-02
1.22347922302559805e-02
1.22345509324482109e-02
1.22287806471927819e-02
1.22250111635941235e-02
1.22246606547788250e-02
1.22137563950844279e-02
1.22121412148224195e-02
1.22070627347907502e-02
1.21977832387789482e-02
1.21948091000133822e-02
1.21932486268091361e-02
1.21894958943669467e-02
1.21837750061069821e-02
1.21817602276745717e-02
1.21792614820293455e-02
1.21665304921802636e-02
1.21605652374585423e-02
1.21500805863666936e-02
1.21424704321711190e-02
1.21327411765539701e-02
1.21279925785482932e-02
1.21119522797074834e-02
1.21074510302950425e-02
1.20943020670840670e-02
1.20941267045407037e-02
1.20929477013161594e-02
1.20826670374553531e-02
1.20807522746030436e-02
1.20625379463950282e-02
1.20441269843412878e-02
1.20418495912143243e-02
1.20414058937466876e-02
1.20407170414254753e-02
1.20340945488395662e-02
1.20306422225745432e-02
1.20242876254592328e-02
1.20184038245477864e-02
1.20150307245855039e-02
1.20103569320731511e-02
1.20071496179012371e-02
1.20037926181784625e-02
1.20008126594508442e-02
1.19874229810807316e-02
1.19854187524781330e-02
1.19710567521558904e-02
1.19587843178702406e-02
1.19534642793573988e-02
1.19497168668453221e-02
1.19496879349476493e-02
1.19467891176609411e-02
1.19465615407659594e-02
1.19439927365425792e-02
1.19292199204980194e-02
1.19289281932640334e-02
1.19163081475737575e-02
1.19150647120828141e-02
1.19138915034497691e-02
1.19131061025465126e-02
1.19033441896127506e-02
1.18969703771484546e-02
1.18963255747583721e-02
1.18907730849480454e-02
1.18833250824349358e-02
1.18749058754998565e-02
1.18693179041294162e-02
1.18667492150079205e-02
1.18610585001972680e-02
1.18561386506832473e-02
1.18514750035587906e-02
1.18496062757289817e-02
1.18387855382379153e-02
1.18303503138979232e-02
1.18280435550890215e-02
1.18227928852373265e-02
1.18155936293039051e-02
1.18134785272081960e-02
1.18076292247359712e-02
1.18055396602181582e-02
1.18026652881225904e-02
1.18015089111697859e-02
1.17944239244471092e-02
1.17929869986785531e-02
1.17839821937402583e-02
1.17833305120439435e-02
1.17802561548979254e-02
1.17778136830514382e-02
1.17626350244145958e-02
1.17623328149110331e-02
1.17542437671447272e-02
1.17404138694517761e-02
1.17393017246634358e-02
1.17349039500095516e-02
1.17347948218781539e-02
1.17300790015129105e-02
1.17159770009105674e-02
1.17155444460607886e-02
1.17007882679700456e-02
1.16928771248240929e-02
1.16817433778614067e-02
1.16704820089953785e-02
1.16528930190915123e-02
1.16516527660516667e-02
1.16357770644152370e-02
1.16357017485709778e-02
1.16321961694335237e-02
1.16306270697068368e-02
1.16287523441219350e-02
1.16276836082000838e-02
1.16172620060772409e-02
1.16144212414207686e-02
1.16137720008174482e-02
1.16130382794337010e-02
1.16090241686389959e-02
1.16025716849019207e-02
1.15881392236124401e-02
1.15834847546978231e-02
1.15729222269298215e-02
1.15636856196678454e-02
1.15609033639270352e-02
1.15549949370804279e-02
1.15392731952222334e-02
1.15388784463243289e-02
1.15367246507876026e-02
1.15341091196245783e-02
1.15288402000095942e-02
1.15256648990202243e-02
1.15178521018751180e-02
1.15157276494662168e-02
1.15152424537969065e-02
1.15145767760356094e-02
1.14875589926879702e-02
1.14874041218330433e-02
1.14854907196226610e-02
1.14805865057427351e-02
1.14726962103086222e-02
1.14625020306638077e-02
1.14574058449182573e-02
1.14451010802350608e-02
1.14436231522210378e-02
1.14305114011330269e-02
1.14287606058054991e-02
1.14227469492651588e-02
1.14153570646795093e-02
1.14123467829145148e-02
1.14028023927353582e-02
1.13980008016602800e-02
1.13936980001304033e-02
1.13908287103636919e-02
1.13883968642656160e-02
1.13857868064090369e-02
1.13823455637120721e-02
1.13760063731313393e-02
1.13717644718399988e-02
1.13632717368920902e-02
1.13587549236096944e-02
1.13540215831382275e-02
1.13483680246252716e-02
1.13277272462888722e-02
1.13248211278471865e-02
1.13128061654352314e-02
1.13127025016776551e-02
1.13099696317807957e-02
1.12936514517219429e-02
1.12892004260446675e-02
1.12882769372233249e-02
1.12854266357416827e-02
1.12722277201377664e-02
1.12630404008912804e-02
1.12576943437571481e-02
1.12576274798740043e-02
1.12345554191504906e-02
1.12329365851480609e-02
1.12295386431934974e-02
1.12175368915482226e-02
1.12164498108985392e-02
1.12111655604516004e-02
1.12062050573094197e-02
1.12027260048055688e-02
1.11888290097521183e-02
1.11755005667491802e-02
1.11751870627480963e-02
1.11717698659448382e-02
1.11657834898323590e-02
1.11631530232648591e-02
1.11582806769038815e-02
1.11434798031602358e-02
1.11408591881778495e-02
1.11382391113637857e-02
1.11367027218918294e-02
1.11361233446483996e-02
1.11321322748820124e-02
1.11317026427378077e-02
1.11201165877209546e-02
1.11075942615610612e-02
1.10967809318594512e-02
1.10938183985402773e-02
1.10922648746711542e-02
1.10895395978865587e-02
1.10880618496831968e-02
1.10851992324275377e-02
1.10769413357049238e-02
1.10707314240340981e-02
1.10701384904097200e-02
1.10657614875944426e-02
1.10582574740643470e-02
1.10576928866261102e-02
1.10573145636221337e-02
1.10551946821189507e-02
1.10484393121476499e-02
1.10476616912105908e-02
1.10472151473837276e-02
1.10362187883489490e-02
1.10339691865462015e-02
1.10292101431075859e-02
1.10255547035645139e-02
1.10214922126073058e-02
1.10161530447435378e-02
1.10088139256806460e-02
1.10014606700191489e-02
1.09964250301468579e-02
1.09942084074419379e-02
